Log file open, 03/19/17 03:02:55
LogInit:Display: Running engine for game: ClassesTutorial
LogPlatformFile: Not using cached read wrapper
LogInit:Display: RandInit(853481855) SRandInit(853481856).
LogTaskGraph: Started task graph with 5 named threads and 8 total threads with 1 sets of task threads.
LogStats: Stats thread started at 13.258792
LogInit: Using libcurl 7.47.1
LogInit:  - built for x86_64-pc-win32
LogInit:  - supports SSL with OpenSSL/1.0.2g
LogInit:  - supports HTTP deflate (compression) using libz 1.2.8
LogInit:  - other features:
LogInit:      CURL_VERSION_SSL
LogInit:      CURL_VERSION_LIBZ
LogInit:      CURL_VERSION_IPV6
LogInit:      CURL_VERSION_ASYNCHDNS
LogInit:      CURL_VERSION_LARGEFILE
LogInit:      CURL_VERSION_IDN
LogInit:  CurlRequestOptions (configurable via config and command line):
LogInit:  - bVerifyPeer = false  - Libcurl will NOT verify peer certificate
LogInit:  - bUseHttpProxy = false  - Libcurl will NOT use HTTP proxy
LogInit:  - bDontReuseConnections = false  - Libcurl will reuse connections
LogInit:  - CertBundlePath = nullptr  - Libcurl will use whatever was configured at build time.
LogInit: Build: ++UE4+Release-4.15-CL-3299760
LogInit: Engine Version: 4.15.0-3299760+++UE4+Release-4.15
LogInit: Compatible Engine Version: 4.15.0-3299760+++UE4+Release-4.15
LogInit: Net CL: 3299760
LogDevObjectVersion: Number of dev versions registered: 14
LogDevObjectVersion:   Dev-Blueprints (B0D832E4-1F89-4F0D-ACCF-7EB736FD4AA2): 8
LogDevObjectVersion:   Dev-Build (E1C64328-A22C-4D53-A36C-8E866417BD8C): 0
LogDevObjectVersion:   Dev-Core (375EC13C-06E4-48FB-B500-84F0262A717E): 2
LogDevObjectVersion:   Dev-Editor (E4B068ED-F494-42E9-A231-DA0B2E46BB41): 14
LogDevObjectVersion:   Dev-Framework (CFFC743F-43B0-4480-9391-14DF171D2073): 22
LogDevObjectVersion:   Dev-Mobile (B02B49B5-BB20-44E9-A304-32B752E40360): 0
LogDevObjectVersion:   Dev-Networking (A4E4105C-59A1-49B5-A7C5-40C4547EDFEE): 0
LogDevObjectVersion:   Dev-Online (39C831C9-5AE6-47DC-9A44-9C173E1C8E7C): 0
LogDevObjectVersion:   Dev-Physics (78F01B33-EBEA-4F98-B9B4-84EACCB95AA2): 0
LogDevObjectVersion:   Dev-Platform (6631380F-2D4D-43E0-8009-CF276956A95A): 0
LogDevObjectVersion:   Dev-Rendering (12F88B9F-8875-4AFC-A67C-D90C383ABD29): 12
LogDevObjectVersion:   Dev-Sequencer (7B5AE74C-D270-4C10-A958-57980B212A5A): 3
LogDevObjectVersion:   Dev-VR (D7296918-1DD6-4BDD-9DE2-64A83CC13884): 0
LogDevObjectVersion:   Dev-LoadTimes (C2A15278-BFE7-4AFE-6C17-90FF531DF755): 1
LogInit: Compiled (64-bit): Feb 14 2017 02:04:14
LogInit: Compiled with Visual C++: 19.00.23026.00
LogInit: Build Configuration: Development
LogInit: Branch Name: ++UE4+Release-4.15
LogInit: Command line: -EpicPortal 
LogInit: Base directory: C:/Program Files/Epic Games/UE_4.15/Engine/Binaries/Win64/
LogInit: Installed Engine Build: 1
LogInit: Presizing for max 8388607 objects, including 0 objects not considered by GC, pre-allocating 0 bytes for permanent pool.
LogInit: Object subsystem initialized
[2017.03.19-10.03.02:412][  0]LogInit: Selected Device Profile: [Windows]
[2017.03.19-10.03.02:412][  0]LogInit: Applying CVar settings loaded from the selected device profile: [Windows]
[2017.03.19-10.03.02:969][  0]LogInit: Computer: ULTIMATESKIBUM
[2017.03.19-10.03.02:969][  0]LogInit: User: Liam
[2017.03.19-10.03.02:969][  0]LogInit: CPU Page size=65536, Cores=4
[2017.03.19-10.03.02:969][  0]LogInit: High frequency timer resolution =3.906385 MHz
[2017.03.19-10.03.03:095][  0]LogMemory: Memory total: Physical=7.9GB (8GB approx)
[2017.03.19-10.03.03:095][  0]LogMemory: Platform Memory Stats for Windows
[2017.03.19-10.03.03:095][  0]LogMemory: Process Physical Memory: 263.15 MB used, 263.15 MB peak
[2017.03.19-10.03.03:095][  0]LogMemory: Process Virtual Memory: 262.63 MB used, 262.63 MB peak
[2017.03.19-10.03.03:095][  0]LogMemory: Physical Memory: 7615.38 MB used,  523.62 MB free, 8139.00 MB total
[2017.03.19-10.03.03:095][  0]LogMemory: Virtual Memory: 644.48 MB used,  523.62 MB free, 134217728.00 MB total
[2017.03.19-10.03.07:315][  0]LogTextLocalizationManager: No specific translations for ('en-US') exist, so ('en') translations will be used.
[2017.03.19-10.03.22:435][  0]LogD3D11RHI: D3D11 adapters:
[2017.03.19-10.03.23:313][  0]LogD3D11RHI:    0. 'NVIDIA GeForce GTX 770' (Feature Level 11_0)
[2017.03.19-10.03.23:313][  0]LogD3D11RHI:       4063/0/4069 MB DedicatedVideo/DedicatedSystem/SharedSystem, Outputs:1, VendorId:0x10de
[2017.03.19-10.03.23:388][  0]LogD3D11RHI:    1. 'Microsoft Basic Render Driver' (Feature Level 11_0)
[2017.03.19-10.03.23:388][  0]LogD3D11RHI:       0/0/4069 MB DedicatedVideo/DedicatedSystem/SharedSystem, Outputs:0, VendorId:0x1414
[2017.03.19-10.03.23:388][  0]LogD3D11RHI: Chosen D3D11 Adapter: 0
[2017.03.19-10.03.23:542][  0]LogD3D11RHI: Creating new Direct3DDevice
[2017.03.19-10.03.23:542][  0]LogD3D11RHI:     GPU DeviceId: 0x1184 (for the marketing name, search the web for "GPU Device Id")
[2017.03.19-10.03.23:542][  0]LogWindows: EnumDisplayDevices:
[2017.03.19-10.03.23:542][  0]LogWindows:    0. 'NVIDIA GeForce GTX 770' (P:1 D:1)
[2017.03.19-10.03.23:543][  0]LogWindows:    1. 'NVIDIA GeForce GTX 770' (P:0 D:0)
[2017.03.19-10.03.23:544][  0]LogWindows:    2. 'NVIDIA GeForce GTX 770' (P:0 D:0)
[2017.03.19-10.03.23:544][  0]LogWindows:    3. 'NVIDIA GeForce GTX 770' (P:0 D:0)
[2017.03.19-10.03.23:545][  0]LogWindows: DebugString: FoundDriverCount:4 
[2017.03.19-10.03.23:545][  0]LogD3D11RHI:     Adapter Name: NVIDIA GeForce GTX 770
[2017.03.19-10.03.23:545][  0]LogD3D11RHI:   Driver Version: 378.78 (internal:21.21.13.7878, unified:378.78)
[2017.03.19-10.03.23:545][  0]LogD3D11RHI:      Driver Date: 2-23-2017
[2017.03.19-10.03.23:545][  0]LogRHI: Texture pool is 1361 MB (70% of 1945 MB)
[2017.03.19-10.03.24:018][  0]LogD3D11RHI:Warning: Timestamp queries are currently disabled on this hardware due to instability. Realtime GPU stats will not be available. You can override this behaviour by setting r.NVIDIATimestampWorkaround to 0
[2017.03.19-10.03.24:136][  0]LogD3D11RHI: Async texture creation enabled
[2017.03.19-10.03.27:301][  0]LogD3D11RHI: GPU Timing Frequency: 1000.000000 (Debug: 2 5)
[2017.03.19-10.03.27:925][  0]LogShaderCompilers: Guid format shader working directory is -24 characters bigger than the processId version (../../../../../../Users/Liam/Documents/Unreal Projects/ClassesTutorial/Intermediate/Shaders/WorkingDirectory/428/).
[2017.03.19-10.03.27:973][  0]LogShaderCompilers: Cleaned the shader compiler working directory 'C:/Users/Liam/AppData/Local/Temp/UnrealShaderWorkingDir/102067AA4941583A03563E97A280CD04/'.
[2017.03.19-10.03.27:973][  0]LogShaderCompilers:Display: Using Local Shader Compiler.
[2017.03.19-10.03.57:997][  0]LogTemp:Display: Loaded TP AllDesktopTargetPlatform
[2017.03.19-10.03.58:101][  0]LogTemp:Display: Loaded TP MacClientTargetPlatform
[2017.03.19-10.03.58:225][  0]LogTemp:Display: Loaded TP MacNoEditorTargetPlatform
[2017.03.19-10.03.58:324][  0]LogTemp:Display: Loaded TP MacServerTargetPlatform
[2017.03.19-10.03.58:620][  0]LogTemp:Display: Loaded TP MacTargetPlatform
[2017.03.19-10.03.58:730][  0]LogTemp:Display: Loaded TP WindowsClientTargetPlatform
[2017.03.19-10.03.58:844][  0]LogTemp:Display: Loaded TP WindowsNoEditorTargetPlatform
[2017.03.19-10.03.59:115][  0]LogTemp:Display: Loaded TP WindowsServerTargetPlatform
[2017.03.19-10.03.59:497][  0]LogTemp:Display: Loaded TP WindowsTargetPlatform
[2017.03.19-10.03.59:829][  0]LogTemp:Display: Loaded TP AndroidTargetPlatform
[2017.03.19-10.04.00:000][  0]LogTemp:Display: Loaded TP Android_ASTCTargetPlatform
[2017.03.19-10.04.00:306][  0]LogTemp:Display: Loaded TP Android_ATCTargetPlatform
[2017.03.19-10.04.00:525][  0]LogTemp:Display: Loaded TP Android_DXTTargetPlatform
[2017.03.19-10.04.00:812][  0]LogTemp:Display: Loaded TP Android_ETC1TargetPlatform
[2017.03.19-10.04.01:207][  0]LogTemp:Display: Loaded TP Android_ETC2TargetPlatform
[2017.03.19-10.04.01:816][  0]LogTemp:Display: Loaded TP Android_MultiTargetPlatform
[2017.03.19-10.04.01:816][  0]LogTemp:Display: Loaded TP Android_PVRTCTargetPlatform
[2017.03.19-10.04.02:686][  0]LogTemp:Display: Loaded TP HTML5TargetPlatform
[2017.03.19-10.04.03:869][  0]LogTemp:Display: Loaded TP IOSTargetPlatform
[2017.03.19-10.04.04:505][  0]LogTemp:Display: Loaded TP TVOSTargetPlatform
[2017.03.19-10.04.05:495][  0]LogTemp:Display: Loaded TP LinuxClientTargetPlatform
[2017.03.19-10.04.06:933][  0]LogTemp:Display: Loaded TP LinuxNoEditorTargetPlatform
[2017.03.19-10.04.07:896][  0]LogTemp:Display: Loaded TP LinuxServerTargetPlatform
[2017.03.19-10.04.08:309][  0]LogTemp:Display: Loaded TP LinuxTargetPlatform
[2017.03.19-10.04.08:309][  0]LogTargetPlatformManager:Display: Building Assets For Windows
[2017.03.19-10.04.17:825][  0]LogDerivedDataCache:Display: Max Cache Size: 512 MB
[2017.03.19-10.04.35:991][  0]LogDerivedDataCache: Loaded boot cache 18.03s 51MB C:/Users/Liam/AppData/Local/UnrealEngine/4.15/DerivedDataCache/Boot.ddc.
[2017.03.19-10.04.35:991][  0]LogDerivedDataCache:Display: Loaded Boot cache: C:/Users/Liam/AppData/Local/UnrealEngine/4.15/DerivedDataCache/Boot.ddc
[2017.03.19-10.04.35:991][  0]LogDerivedDataCache: FDerivedDataBackendGraph:  Pak pak cache file ../../../../../../Users/Liam/Documents/Unreal Projects/ClassesTutorial/DerivedDataCache/DDC.ddp not found, will not use a pak cache.
[2017.03.19-10.04.35:991][  0]LogDerivedDataCache: Unable to find inner node Pak for hierarchical cache Hierarchy.
[2017.03.19-10.04.35:991][  0]LogDerivedDataCache: FDerivedDataBackendGraph:  CompressedPak pak cache file ../../../../../../Users/Liam/Documents/Unreal Projects/ClassesTutorial/DerivedDataCache/Compressed.ddp not found, will not use a pak cache.
[2017.03.19-10.04.35:991][  0]LogDerivedDataCache: Unable to find inner node CompressedPak for hierarchical cache Hierarchy.
[2017.03.19-10.04.36:543][  0]LogDerivedDataCache:Display: Pak cache opened for reading ../../../Engine/DerivedDataCache/Compressed.ddp.
[2017.03.19-10.04.36:622][  0]LogDerivedDataCache: Using Local data cache path C:/Users/Liam/AppData/Local/UnrealEngine/Common/DerivedDataCache: Writable
[2017.03.19-10.04.41:271][  0]LogSlate: Using Freetype 2.6.0
[2017.03.19-10.04.41:871][  0]LogSlate: SlateFontCache - WITH_FREETYPE: 1, WITH_HARFBUZZ: 1
[2017.03.19-10.04.41:872][  0]LogSlate: SlateFontCache - WITH_FREETYPE: 1, WITH_HARFBUZZ: 1
[2017.03.19-10.06.10:280][  0]LogInit: Selected Device Profile: [Windows]
[2017.03.19-10.06.10:621][  0]LogContentStreaming: Texture pool size is 0.00 MB
[2017.03.19-10.06.15:580][  0]LogMeshUtilities: Using QuadricMeshReduction for automatic static mesh reduction
[2017.03.19-10.06.15:859][  0]LogSimplygon: Simplygon DLL not present - disabling.
[2017.03.19-10.06.16:065][  0]LogMeshUtilities: Using SimplygonSwarm for distributed automatic mesh merging
[2017.03.19-10.06.16:065][  0]LogMeshUtilities: No automatic skeletal mesh reduction module available
[2017.03.19-10.06.16:065][  0]LogMeshUtilities: No automatic mesh merging module available
[2017.03.19-10.06.56:002][  0]LogNetVersion: GetLocalNetworkVersion: CL: 3299760, ProjectName: classestutorial, ProjectVersion: , EngineNetworkVersion: 2, GameNetworkVersion: 0, NetworkChecksum: 2363648096
[2017.03.19-10.06.56:561][  0]LogAssetRegistry: FAssetRegistry took 0.0699 seconds to start up
[2017.03.19-10.06.56:960][  0]LogPackageLocalizationCache: Processed 3 localized package path(s) for 2 prioritized culture(s) in 0.235494 seconds
[2017.03.19-10.06.57:029][  0]LogUObjectArray: 32475 objects as part of root set at end of initial load.
[2017.03.19-10.06.57:029][  0]LogUObjectAllocator: 7073360 out of 0 bytes used by permanent object pool.
[2017.03.19-10.06.57:048][  0]LogUObjectArray: CloseDisregardForGC: 0/0 objects in disregard for GC pool
[2017.03.19-10.06.57:476][  0]LogInit: WinSock: version 1.1 (2.2), MaxSocks=32767, MaxUdp=65467
[2017.03.19-10.08.08:564][  0]LogTcpMessaging: Initializing TcpMessaging bridge
[2017.03.19-10.08.09:339][  0]LogUdpMessaging: Initializing bridge on interface 0.0.0.0:0 to multicast group 230.0.0.1:6666.
[2017.03.19-10.08.43:078][  0]LogMaterial: Uniform references updated for custom material expression Custom.
[2017.03.19-10.08.53:174][  0]SourceControl: Info Source control is disabled
[2017.03.19-10.08.53:501][  0]SourceControl: Info Source control is disabled
[2017.03.19-10.08.54:717][  0]SourceControl: Info Source control is disabled
[2017.03.19-10.08.55:497][  0]SourceControl: Info Source control is disabled
[2017.03.19-10.09.19:274][  0]LogAutomationTest:Warning: Smoke tests took > 2s to run: 4.05s
[2017.03.19-10.09.20:957][  0]LogEngine: Initializing Engine...
[2017.03.19-10.09.21:596][  0]LogHMD: Failed to initialize OpenVR with code 110
[2017.03.19-10.09.30:833][  0]LogAIModule: Creating AISystem for world Untitled
[2017.03.19-10.09.33:186][  0]LogInit: XAudio2 using 'Headset Earphone (2- Logitech G933 Gaming Headset)' : 2 channels at 44.1 kHz using 16 bits per sample (channel mask 0x3)
[2017.03.19-10.09.33:510][  0]LogInit: FAudioDevice initialized.
[2017.03.19-10.09.34:217][  0]LogDerivedDataCache: Saved boot cache 0.49s 51MB C:/Users/Liam/AppData/Local/UnrealEngine/4.15/DerivedDataCache/Boot.ddc.
[2017.03.19-10.09.35:298][  0]LogInit: Texture streaming: Enabled
[2017.03.19-10.09.37:111][  0]LogEngineSessionManager: EngineSessionManager initialized
[2017.03.19-10.09.42:598][  0]LogInit: Transaction tracking system initialized
[2017.03.19-10.09.50:557][  0]BlueprintLog: New page: Editor Load
[2017.03.19-10.10.13:537][  0]LocalizationService: Info Localization service is disabled
[2017.03.19-10.10.29:960][  0]LogConsoleResponse:Display: 
[2017.03.19-10.11.04:860][  0]LogFileCache: Scanning file cache for directory 'C:/Users/Liam/Documents/Unreal Projects/ClassesTutorial/Content/' took 0.22s
[2017.03.19-10.11.04:966][  0]LogCook:Display: Max memory allowance for cook 16384mb min free memory 0mb
[2017.03.19-10.11.04:966][  0]LogCook:Display: Mobile HDR setting 1
[2017.03.19-10.11.34:608][  0]SourceControl: Info Source control is disabled
[2017.03.19-10.11.35:490][  0]LogFactory: FactoryCreateFile: PackFactory with PackFactory (0 0 C:/Program Files/Epic Games/UE_4.15/FeaturePacks/StarterContent.upack)
[2017.03.19-10.11.35:949][  0]LogPackFactory: Finished extracting 8 files (including 0 errors).
[2017.03.19-10.11.36:002][  0]LogPackFactory: Copied "../../../Samples/StarterContent/Content/StarterContent/Architecture/Floor_400x400.uasset" to "../../../../../../Users/Liam/Documents/Unreal Projects/ClassesTutorial/Content/StarterContent/Architecture/Floor_400x400.uasset"
[2017.03.19-10.11.36:022][  0]LogPackFactory: Copied "../../../Samples/StarterContent/Content/StarterContent/Architecture/Pillar_50x500.uasset" to "../../../../../../Users/Liam/Documents/Unreal Projects/ClassesTutorial/Content/StarterContent/Architecture/Pillar_50x500.uasset"
[2017.03.19-10.11.36:049][  0]LogPackFactory: Copied "../../../Samples/StarterContent/Content/StarterContent/Architecture/SM_AssetPlatform.uasset" to "../../../../../../Users/Liam/Documents/Unreal Projects/ClassesTutorial/Content/StarterContent/Architecture/SM_AssetPlatform.uasset"
[2017.03.19-10.11.36:069][  0]LogPackFactory: Copied "../../../Samples/StarterContent/Content/StarterContent/Architecture/Wall_400x200.uasset" to "../../../../../../Users/Liam/Documents/Unreal Projects/ClassesTutorial/Content/StarterContent/Architecture/Wall_400x200.uasset"
[2017.03.19-10.11.36:086][  0]LogPackFactory: Copied "../../../Samples/StarterContent/Content/StarterContent/Architecture/Wall_400x300.uasset" to "../../../../../../Users/Liam/Documents/Unreal Projects/ClassesTutorial/Content/StarterContent/Architecture/Wall_400x300.uasset"
[2017.03.19-10.11.36:112][  0]LogPackFactory: Copied "../../../Samples/StarterContent/Content/StarterContent/Architecture/Wall_400x400.uasset" to "../../../../../../Users/Liam/Documents/Unreal Projects/ClassesTutorial/Content/StarterContent/Architecture/Wall_400x400.uasset"
[2017.03.19-10.11.36:154][  0]LogPackFactory: Copied "../../../Samples/StarterContent/Content/StarterContent/Architecture/Wall_500x500.uasset" to "../../../../../../Users/Liam/Documents/Unreal Projects/ClassesTutorial/Content/StarterContent/Architecture/Wall_500x500.uasset"
[2017.03.19-10.11.36:176][  0]LogPackFactory: Copied "../../../Samples/StarterContent/Content/StarterContent/Architecture/Wall_Door_400x300.uasset" to "../../../../../../Users/Liam/Documents/Unreal Projects/ClassesTutorial/Content/StarterContent/Architecture/Wall_Door_400x300.uasset"
[2017.03.19-10.11.36:202][  0]LogPackFactory: Copied "../../../Samples/StarterContent/Content/StarterContent/Architecture/Wall_Door_400x400.uasset" to "../../../../../../Users/Liam/Documents/Unreal Projects/ClassesTutorial/Content/StarterContent/Architecture/Wall_Door_400x400.uasset"
[2017.03.19-10.11.36:223][  0]LogPackFactory: Copied "../../../Samples/StarterContent/Content/StarterContent/Architecture/Wall_Window_400x300.uasset" to "../../../../../../Users/Liam/Documents/Unreal Projects/ClassesTutorial/Content/StarterContent/Architecture/Wall_Window_400x300.uasset"
[2017.03.19-10.11.36:240][  0]LogPackFactory: Copied "../../../Samples/StarterContent/Content/StarterContent/Architecture/Wall_Window_400x400.uasset" to "../../../../../../Users/Liam/Documents/Unreal Projects/ClassesTutorial/Content/StarterContent/Architecture/Wall_Window_400x400.uasset"
[2017.03.19-10.11.36:264][  0]LogPackFactory: Copied "../../../Samples/StarterContent/Content/StarterContent/Audio/Collapse01.uasset" to "../../../../../../Users/Liam/Documents/Unreal Projects/ClassesTutorial/Content/StarterContent/Audio/Collapse01.uasset"
[2017.03.19-10.11.36:303][  0]LogPackFactory: Copied "../../../Samples/StarterContent/Content/StarterContent/Audio/Collapse02.uasset" to "../../../../../../Users/Liam/Documents/Unreal Projects/ClassesTutorial/Content/StarterContent/Audio/Collapse02.uasset"
[2017.03.19-10.11.36:338][  0]LogPackFactory: Copied "../../../Samples/StarterContent/Content/StarterContent/Audio/Collapse_Cue.uasset" to "../../../../../../Users/Liam/Documents/Unreal Projects/ClassesTutorial/Content/StarterContent/Audio/Collapse_Cue.uasset"
[2017.03.19-10.11.36:388][  0]LogPackFactory: Copied "../../../Samples/StarterContent/Content/StarterContent/Audio/Explosion01.uasset" to "../../../../../../Users/Liam/Documents/Unreal Projects/ClassesTutorial/Content/StarterContent/Audio/Explosion01.uasset"
[2017.03.19-10.11.36:398][  0]LogPackFactory: Copied "../../../Samples/StarterContent/Content/StarterContent/Audio/Explosion02.uasset" to "../../../../../../Users/Liam/Documents/Unreal Projects/ClassesTutorial/Content/StarterContent/Audio/Explosion02.uasset"
[2017.03.19-10.11.36:404][  0]LogPackFactory: Copied "../../../Samples/StarterContent/Content/StarterContent/Audio/Explosion_Cue.uasset" to "../../../../../../Users/Liam/Documents/Unreal Projects/ClassesTutorial/Content/StarterContent/Audio/Explosion_Cue.uasset"
[2017.03.19-10.11.36:440][  0]LogPackFactory: Copied "../../../Samples/StarterContent/Content/StarterContent/Audio/Fire01.uasset" to "../../../../../../Users/Liam/Documents/Unreal Projects/ClassesTutorial/Content/StarterContent/Audio/Fire01.uasset"
[2017.03.19-10.11.36:469][  0]LogPackFactory: Copied "../../../Samples/StarterContent/Content/StarterContent/Audio/Fire01_Cue.uasset" to "../../../../../../Users/Liam/Documents/Unreal Projects/ClassesTutorial/Content/StarterContent/Audio/Fire01_Cue.uasset"
[2017.03.19-10.11.36:504][  0]LogPackFactory: Copied "../../../Samples/StarterContent/Content/StarterContent/Audio/Fire_Sparks01.uasset" to "../../../../../../Users/Liam/Documents/Unreal Projects/ClassesTutorial/Content/StarterContent/Audio/Fire_Sparks01.uasset"
[2017.03.19-10.11.36:509][  0]LogPackFactory: Copied "../../../Samples/StarterContent/Content/StarterContent/Audio/Fire_Sparks01_Cue.uasset" to "../../../../../../Users/Liam/Documents/Unreal Projects/ClassesTutorial/Content/StarterContent/Audio/Fire_Sparks01_Cue.uasset"
[2017.03.19-10.11.36:528][  0]LogPackFactory: Copied "../../../Samples/StarterContent/Content/StarterContent/Audio/Light01.uasset" to "../../../../../../Users/Liam/Documents/Unreal Projects/ClassesTutorial/Content/StarterContent/Audio/Light01.uasset"
[2017.03.19-10.11.36:553][  0]LogPackFactory: Copied "../../../Samples/StarterContent/Content/StarterContent/Audio/Light01_Cue.uasset" to "../../../../../../Users/Liam/Documents/Unreal Projects/ClassesTutorial/Content/StarterContent/Audio/Light01_Cue.uasset"
[2017.03.19-10.11.36:561][  0]LogPackFactory: Copied "../../../Samples/StarterContent/Content/StarterContent/Audio/Light02.uasset" to "../../../../../../Users/Liam/Documents/Unreal Projects/ClassesTutorial/Content/StarterContent/Audio/Light02.uasset"
[2017.03.19-10.11.36:566][  0]LogPackFactory: Copied "../../../Samples/StarterContent/Content/StarterContent/Audio/Light02_Cue.uasset" to "../../../../../../Users/Liam/Documents/Unreal Projects/ClassesTutorial/Content/StarterContent/Audio/Light02_Cue.uasset"
[2017.03.19-10.11.36:588][  0]LogPackFactory: Copied "../../../Samples/StarterContent/Content/StarterContent/Audio/Smoke01.uasset" to "../../../../../../Users/Liam/Documents/Unreal Projects/ClassesTutorial/Content/StarterContent/Audio/Smoke01.uasset"
[2017.03.19-10.11.36:607][  0]LogPackFactory: Copied "../../../Samples/StarterContent/Content/StarterContent/Audio/Smoke01_Cue.uasset" to "../../../../../../Users/Liam/Documents/Unreal Projects/ClassesTutorial/Content/StarterContent/Audio/Smoke01_Cue.uasset"
[2017.03.19-10.11.36:642][  0]LogPackFactory: Copied "../../../Samples/StarterContent/Content/StarterContent/Audio/Starter_Background_Cue.uasset" to "../../../../../../Users/Liam/Documents/Unreal Projects/ClassesTutorial/Content/StarterContent/Audio/Starter_Background_Cue.uasset"
[2017.03.19-10.11.36:699][  0]LogPackFactory: Copied "../../../Samples/StarterContent/Content/StarterContent/Audio/Starter_Birds01.uasset" to "../../../../../../Users/Liam/Documents/Unreal Projects/ClassesTutorial/Content/StarterContent/Audio/Starter_Birds01.uasset"
[2017.03.19-10.11.36:784][  0]LogPackFactory: Copied "../../../Samples/StarterContent/Content/StarterContent/Audio/Starter_Music01.uasset" to "../../../../../../Users/Liam/Documents/Unreal Projects/ClassesTutorial/Content/StarterContent/Audio/Starter_Music01.uasset"
[2017.03.19-10.11.36:869][  0]LogPackFactory: Copied "../../../Samples/StarterContent/Content/StarterContent/Audio/Starter_Music_Cue.uasset" to "../../../../../../Users/Liam/Documents/Unreal Projects/ClassesTutorial/Content/StarterContent/Audio/Starter_Music_Cue.uasset"
[2017.03.19-10.11.36:911][  0]LogPackFactory: Copied "../../../Samples/StarterContent/Content/StarterContent/Audio/Starter_Wind05.uasset" to "../../../../../../Users/Liam/Documents/Unreal Projects/ClassesTutorial/Content/StarterContent/Audio/Starter_Wind05.uasset"
[2017.03.19-10.11.36:955][  0]LogPackFactory: Copied "../../../Samples/StarterContent/Content/StarterContent/Audio/Starter_Wind06.uasset" to "../../../../../../Users/Liam/Documents/Unreal Projects/ClassesTutorial/Content/StarterContent/Audio/Starter_Wind06.uasset"
[2017.03.19-10.11.36:982][  0]LogPackFactory: Copied "../../../Samples/StarterContent/Content/StarterContent/Audio/Steam01.uasset" to "../../../../../../Users/Liam/Documents/Unreal Projects/ClassesTutorial/Content/StarterContent/Audio/Steam01.uasset"
[2017.03.19-10.11.37:008][  0]LogPackFactory: Copied "../../../Samples/StarterContent/Content/StarterContent/Audio/Steam01_Cue.uasset" to "../../../../../../Users/Liam/Documents/Unreal Projects/ClassesTutorial/Content/StarterContent/Audio/Steam01_Cue.uasset"
[2017.03.19-10.11.37:035][  0]LogPackFactory: Copied "../../../Samples/StarterContent/Content/StarterContent/Blueprints/Blueprint_CeilingLight.uasset" to "../../../../../../Users/Liam/Documents/Unreal Projects/ClassesTutorial/Content/StarterContent/Blueprints/Blueprint_CeilingLight.uasset"
[2017.03.19-10.11.37:070][  0]LogPackFactory: Copied "../../../Samples/StarterContent/Content/StarterContent/Blueprints/Blueprint_Effect_Explosion.uasset" to "../../../../../../Users/Liam/Documents/Unreal Projects/ClassesTutorial/Content/StarterContent/Blueprints/Blueprint_Effect_Explosion.uasset"
[2017.03.19-10.11.37:088][  0]LogPackFactory: Copied "../../../Samples/StarterContent/Content/StarterContent/Blueprints/Blueprint_Effect_Fire.uasset" to "../../../../../../Users/Liam/Documents/Unreal Projects/ClassesTutorial/Content/StarterContent/Blueprints/Blueprint_Effect_Fire.uasset"
[2017.03.19-10.11.37:104][  0]LogPackFactory: Copied "../../../Samples/StarterContent/Content/StarterContent/Blueprints/Blueprint_Effect_Smoke.uasset" to "../../../../../../Users/Liam/Documents/Unreal Projects/ClassesTutorial/Content/StarterContent/Blueprints/Blueprint_Effect_Smoke.uasset"
[2017.03.19-10.11.37:124][  0]LogPackFactory: Copied "../../../Samples/StarterContent/Content/StarterContent/Blueprints/Blueprint_Effect_Sparks.uasset" to "../../../../../../Users/Liam/Documents/Unreal Projects/ClassesTutorial/Content/StarterContent/Blueprints/Blueprint_Effect_Sparks.uasset"
[2017.03.19-10.11.37:151][  0]LogPackFactory: Copied "../../../Samples/StarterContent/Content/StarterContent/Blueprints/Blueprint_Effect_Steam.uasset" to "../../../../../../Users/Liam/Documents/Unreal Projects/ClassesTutorial/Content/StarterContent/Blueprints/Blueprint_Effect_Steam.uasset"
[2017.03.19-10.11.37:171][  0]LogPackFactory: Copied "../../../Samples/StarterContent/Content/StarterContent/Blueprints/Blueprint_WallSconce.uasset" to "../../../../../../Users/Liam/Documents/Unreal Projects/ClassesTutorial/Content/StarterContent/Blueprints/Blueprint_WallSconce.uasset"
[2017.03.19-10.11.37:192][  0]LogPackFactory: Copied "../../../Samples/StarterContent/Content/StarterContent/Blueprints/BP_LightStudio.uasset" to "../../../../../../Users/Liam/Documents/Unreal Projects/ClassesTutorial/Content/StarterContent/Blueprints/BP_LightStudio.uasset"
[2017.03.19-10.11.37:208][  0]LogPackFactory: Copied "../../../Samples/StarterContent/Content/StarterContent/Blueprints/Assets/FogBrightnessLUT.uasset" to "../../../../../../Users/Liam/Documents/Unreal Projects/ClassesTutorial/Content/StarterContent/Blueprints/Assets/FogBrightnessLUT.uasset"
[2017.03.19-10.11.37:234][  0]LogPackFactory: Copied "../../../Samples/StarterContent/Content/StarterContent/Blueprints/Assets/M_LightStage_Arrows.uasset" to "../../../../../../Users/Liam/Documents/Unreal Projects/ClassesTutorial/Content/StarterContent/Blueprints/Assets/M_LightStage_Arrows.uasset"
[2017.03.19-10.11.37:257][  0]LogPackFactory: Copied "../../../Samples/StarterContent/Content/StarterContent/Blueprints/Assets/M_LightStage_Skybox_Black.uasset" to "../../../../../../Users/Liam/Documents/Unreal Projects/ClassesTutorial/Content/StarterContent/Blueprints/Assets/M_LightStage_Skybox_Black.uasset"
[2017.03.19-10.11.37:299][  0]LogPackFactory: Copied "../../../Samples/StarterContent/Content/StarterContent/Blueprints/Assets/M_LightStage_Skybox_HDRI.uasset" to "../../../../../../Users/Liam/Documents/Unreal Projects/ClassesTutorial/Content/StarterContent/Blueprints/Assets/M_LightStage_Skybox_HDRI.uasset"
[2017.03.19-10.11.37:315][  0]LogPackFactory: Copied "../../../Samples/StarterContent/Content/StarterContent/Blueprints/Assets/M_LightStage_Skybox_Master.uasset" to "../../../../../../Users/Liam/Documents/Unreal Projects/ClassesTutorial/Content/StarterContent/Blueprints/Assets/M_LightStage_Skybox_Master.uasset"
[2017.03.19-10.11.37:344][  0]LogPackFactory: Copied "../../../Samples/StarterContent/Content/StarterContent/Blueprints/Assets/Skybox.uasset" to "../../../../../../Users/Liam/Documents/Unreal Projects/ClassesTutorial/Content/StarterContent/Blueprints/Assets/Skybox.uasset"
[2017.03.19-10.11.37:419][  0]LogPackFactory: Copied "../../../Samples/StarterContent/Content/StarterContent/Blueprints/Assets/SM_Arrows.uasset" to "../../../../../../Users/Liam/Documents/Unreal Projects/ClassesTutorial/Content/StarterContent/Blueprints/Assets/SM_Arrows.uasset"
[2017.03.19-10.11.37:424][  0]LogPackFactory: Copied "../../../Samples/StarterContent/Content/StarterContent/Blueprints/Assets/SunlightColorLUT.uasset" to "../../../../../../Users/Liam/Documents/Unreal Projects/ClassesTutorial/Content/StarterContent/Blueprints/Assets/SunlightColorLUT.uasset"
[2017.03.19-10.11.38:312][  0]LogPackFactory: Copied "../../../Samples/StarterContent/Content/StarterContent/HDRI/HDRI_Epic_Courtyard_Daylight.uasset" to "../../../../../../Users/Liam/Documents/Unreal Projects/ClassesTutorial/Content/StarterContent/HDRI/HDRI_Epic_Courtyard_Daylight.uasset"
[2017.03.19-10.11.38:368][  0]LogPackFactory: Copied "../../../Samples/StarterContent/Content/StarterContent/Maps/Advanced_Lighting.umap" to "../../../../../../Users/Liam/Documents/Unreal Projects/ClassesTutorial/Content/StarterContent/Maps/Advanced_Lighting.umap"
[2017.03.19-10.11.38:406][  0]LogPackFactory: Copied "../../../Samples/StarterContent/Content/StarterContent/Maps/Advanced_Lighting_BuiltData.uasset" to "../../../../../../Users/Liam/Documents/Unreal Projects/ClassesTutorial/Content/StarterContent/Maps/Advanced_Lighting_BuiltData.uasset"
[2017.03.19-10.11.38:446][  0]LogPackFactory: Copied "../../../Samples/StarterContent/Content/StarterContent/Maps/Minimal_Default.umap" to "../../../../../../Users/Liam/Documents/Unreal Projects/ClassesTutorial/Content/StarterContent/Maps/Minimal_Default.umap"
[2017.03.19-10.11.38:478][  0]LogPackFactory: Copied "../../../Samples/StarterContent/Content/StarterContent/Maps/Minimal_Default_BuiltData.uasset" to "../../../../../../Users/Liam/Documents/Unreal Projects/ClassesTutorial/Content/StarterContent/Maps/Minimal_Default_BuiltData.uasset"
[2017.03.19-10.11.38:537][  0]LogPackFactory: Copied "../../../Samples/StarterContent/Content/StarterContent/Maps/StarterMap.umap" to "../../../../../../Users/Liam/Documents/Unreal Projects/ClassesTutorial/Content/StarterContent/Maps/StarterMap.umap"
[2017.03.19-10.11.38:667][  0]LogPackFactory: Copied "../../../Samples/StarterContent/Content/StarterContent/Maps/StarterMap_BuiltData.uasset" to "../../../../../../Users/Liam/Documents/Unreal Projects/ClassesTutorial/Content/StarterContent/Maps/StarterMap_BuiltData.uasset"
[2017.03.19-10.11.38:692][  0]LogPackFactory: Copied "../../../Samples/StarterContent/Content/StarterContent/Materials/M_AssetPlatform.uasset" to "../../../../../../Users/Liam/Documents/Unreal Projects/ClassesTutorial/Content/StarterContent/Materials/M_AssetPlatform.uasset"
[2017.03.19-10.11.38:843][  0]LogPackFactory: Copied "../../../Samples/StarterContent/Content/StarterContent/Materials/M_Basic_Floor.uasset" to "../../../../../../Users/Liam/Documents/Unreal Projects/ClassesTutorial/Content/StarterContent/Materials/M_Basic_Floor.uasset"
[2017.03.19-10.11.38:992][  0]LogPackFactory: Copied "../../../Samples/StarterContent/Content/StarterContent/Materials/M_Basic_Wall.uasset" to "../../../../../../Users/Liam/Documents/Unreal Projects/ClassesTutorial/Content/StarterContent/Materials/M_Basic_Wall.uasset"
[2017.03.19-10.11.39:022][  0]LogPackFactory: Copied "../../../Samples/StarterContent/Content/StarterContent/Materials/M_Brick_Clay_Beveled.uasset" to "../../../../../../Users/Liam/Documents/Unreal Projects/ClassesTutorial/Content/StarterContent/Materials/M_Brick_Clay_Beveled.uasset"
[2017.03.19-10.11.39:090][  0]LogPackFactory: Copied "../../../Samples/StarterContent/Content/StarterContent/Materials/M_Brick_Clay_New.uasset" to "../../../../../../Users/Liam/Documents/Unreal Projects/ClassesTutorial/Content/StarterContent/Materials/M_Brick_Clay_New.uasset"
[2017.03.19-10.11.39:378][  0]LogPackFactory: Copied "../../../Samples/StarterContent/Content/StarterContent/Materials/M_Brick_Clay_Old.uasset" to "../../../../../../Users/Liam/Documents/Unreal Projects/ClassesTutorial/Content/StarterContent/Materials/M_Brick_Clay_Old.uasset"
[2017.03.19-10.11.39:794][  0]LogPackFactory: Copied "../../../Samples/StarterContent/Content/StarterContent/Materials/M_Brick_Cut_Stone.uasset" to "../../../../../../Users/Liam/Documents/Unreal Projects/ClassesTutorial/Content/StarterContent/Materials/M_Brick_Cut_Stone.uasset"
[2017.03.19-10.11.39:822][  0]LogPackFactory: Copied "../../../Samples/StarterContent/Content/StarterContent/Materials/M_Brick_Hewn_Stone.uasset" to "../../../../../../Users/Liam/Documents/Unreal Projects/ClassesTutorial/Content/StarterContent/Materials/M_Brick_Hewn_Stone.uasset"
[2017.03.19-10.11.39:863][  0]LogPackFactory: Copied "../../../Samples/StarterContent/Content/StarterContent/Materials/M_Ceramic_Tile_Checker.uasset" to "../../../../../../Users/Liam/Documents/Unreal Projects/ClassesTutorial/Content/StarterContent/Materials/M_Ceramic_Tile_Checker.uasset"
[2017.03.19-10.11.39:915][  0]LogPackFactory: Copied "../../../Samples/StarterContent/Content/StarterContent/Materials/M_CobbleStone_Pebble.uasset" to "../../../../../../Users/Liam/Documents/Unreal Projects/ClassesTutorial/Content/StarterContent/Materials/M_CobbleStone_Pebble.uasset"
[2017.03.19-10.11.39:951][  0]LogPackFactory: Copied "../../../Samples/StarterContent/Content/StarterContent/Materials/M_CobbleStone_Rough.uasset" to "../../../../../../Users/Liam/Documents/Unreal Projects/ClassesTutorial/Content/StarterContent/Materials/M_CobbleStone_Rough.uasset"
[2017.03.19-10.11.39:986][  0]LogPackFactory: Copied "../../../Samples/StarterContent/Content/StarterContent/Materials/M_CobbleStone_Smooth.uasset" to "../../../../../../Users/Liam/Documents/Unreal Projects/ClassesTutorial/Content/StarterContent/Materials/M_CobbleStone_Smooth.uasset"
[2017.03.19-10.11.40:181][  0]LogPackFactory: Copied "../../../Samples/StarterContent/Content/StarterContent/Materials/M_ColorGrid_LowSpec.uasset" to "../../../../../../Users/Liam/Documents/Unreal Projects/ClassesTutorial/Content/StarterContent/Materials/M_ColorGrid_LowSpec.uasset"
[2017.03.19-10.11.40:377][  0]LogPackFactory: Copied "../../../Samples/StarterContent/Content/StarterContent/Materials/M_Concrete_Grime.uasset" to "../../../../../../Users/Liam/Documents/Unreal Projects/ClassesTutorial/Content/StarterContent/Materials/M_Concrete_Grime.uasset"
[2017.03.19-10.11.40:818][  0]LogPackFactory: Copied "../../../Samples/StarterContent/Content/StarterContent/Materials/M_Concrete_Panels.uasset" to "../../../../../../Users/Liam/Documents/Unreal Projects/ClassesTutorial/Content/StarterContent/Materials/M_Concrete_Panels.uasset"
[2017.03.19-10.11.40:874][  0]LogPackFactory: Copied "../../../Samples/StarterContent/Content/StarterContent/Materials/M_Concrete_Poured.uasset" to "../../../../../../Users/Liam/Documents/Unreal Projects/ClassesTutorial/Content/StarterContent/Materials/M_Concrete_Poured.uasset"
[2017.03.19-10.11.41:056][  0]LogPackFactory: Copied "../../../Samples/StarterContent/Content/StarterContent/Materials/M_Concrete_Tiles.uasset" to "../../../../../../Users/Liam/Documents/Unreal Projects/ClassesTutorial/Content/StarterContent/Materials/M_Concrete_Tiles.uasset"
[2017.03.19-10.11.41:082][  0]LogPackFactory: Copied "../../../Samples/StarterContent/Content/StarterContent/Materials/M_Glass.uasset" to "../../../../../../Users/Liam/Documents/Unreal Projects/ClassesTutorial/Content/StarterContent/Materials/M_Glass.uasset"
[2017.03.19-10.11.41:342][  0]LogPackFactory: Copied "../../../Samples/StarterContent/Content/StarterContent/Materials/M_Ground_Grass.uasset" to "../../../../../../Users/Liam/Documents/Unreal Projects/ClassesTutorial/Content/StarterContent/Materials/M_Ground_Grass.uasset"
[2017.03.19-10.11.41:521][  0]LogPackFactory: Copied "../../../Samples/StarterContent/Content/StarterContent/Materials/M_Ground_Gravel.uasset" to "../../../../../../Users/Liam/Documents/Unreal Projects/ClassesTutorial/Content/StarterContent/Materials/M_Ground_Gravel.uasset"
[2017.03.19-10.11.41:866][  0]LogPackFactory: Copied "../../../Samples/StarterContent/Content/StarterContent/Materials/M_Ground_Moss.uasset" to "../../../../../../Users/Liam/Documents/Unreal Projects/ClassesTutorial/Content/StarterContent/Materials/M_Ground_Moss.uasset"
[2017.03.19-10.11.41:905][  0]LogPackFactory: Copied "../../../Samples/StarterContent/Content/StarterContent/Materials/M_Metal_Brushed_Nickel.uasset" to "../../../../../../Users/Liam/Documents/Unreal Projects/ClassesTutorial/Content/StarterContent/Materials/M_Metal_Brushed_Nickel.uasset"
[2017.03.19-10.11.41:935][  0]LogPackFactory: Copied "../../../Samples/StarterContent/Content/StarterContent/Materials/M_Metal_Burnished_Steel.uasset" to "../../../../../../Users/Liam/Documents/Unreal Projects/ClassesTutorial/Content/StarterContent/Materials/M_Metal_Burnished_Steel.uasset"
[2017.03.19-10.11.41:984][  0]LogPackFactory: Copied "../../../Samples/StarterContent/Content/StarterContent/Materials/M_Metal_Chrome.uasset" to "../../../../../../Users/Liam/Documents/Unreal Projects/ClassesTutorial/Content/StarterContent/Materials/M_Metal_Chrome.uasset"
[2017.03.19-10.11.41:993][  0]LogPackFactory: Copied "../../../Samples/StarterContent/Content/StarterContent/Materials/M_Metal_Copper.uasset" to "../../../../../../Users/Liam/Documents/Unreal Projects/ClassesTutorial/Content/StarterContent/Materials/M_Metal_Copper.uasset"
[2017.03.19-10.11.42:016][  0]LogPackFactory: Copied "../../../Samples/StarterContent/Content/StarterContent/Materials/M_Metal_Gold.uasset" to "../../../../../../Users/Liam/Documents/Unreal Projects/ClassesTutorial/Content/StarterContent/Materials/M_Metal_Gold.uasset"
[2017.03.19-10.11.42:024][  0]LogPackFactory: Copied "../../../Samples/StarterContent/Content/StarterContent/Materials/M_Metal_Rust.uasset" to "../../../../../../Users/Liam/Documents/Unreal Projects/ClassesTutorial/Content/StarterContent/Materials/M_Metal_Rust.uasset"
[2017.03.19-10.11.42:060][  0]LogPackFactory: Copied "../../../Samples/StarterContent/Content/StarterContent/Materials/M_Metal_Steel.uasset" to "../../../../../../Users/Liam/Documents/Unreal Projects/ClassesTutorial/Content/StarterContent/Materials/M_Metal_Steel.uasset"
[2017.03.19-10.11.42:100][  0]LogPackFactory: Copied "../../../Samples/StarterContent/Content/StarterContent/Materials/M_Rock_Basalt.uasset" to "../../../../../../Users/Liam/Documents/Unreal Projects/ClassesTutorial/Content/StarterContent/Materials/M_Rock_Basalt.uasset"
[2017.03.19-10.11.42:121][  0]LogPackFactory: Copied "../../../Samples/StarterContent/Content/StarterContent/Materials/M_Rock_Marble_Polished.uasset" to "../../../../../../Users/Liam/Documents/Unreal Projects/ClassesTutorial/Content/StarterContent/Materials/M_Rock_Marble_Polished.uasset"
[2017.03.19-10.11.42:145][  0]LogPackFactory: Copied "../../../Samples/StarterContent/Content/StarterContent/Materials/M_Rock_Sandstone.uasset" to "../../../../../../Users/Liam/Documents/Unreal Projects/ClassesTutorial/Content/StarterContent/Materials/M_Rock_Sandstone.uasset"
[2017.03.19-10.11.42:176][  0]LogPackFactory: Copied "../../../Samples/StarterContent/Content/StarterContent/Materials/M_Rock_Slate.uasset" to "../../../../../../Users/Liam/Documents/Unreal Projects/ClassesTutorial/Content/StarterContent/Materials/M_Rock_Slate.uasset"
[2017.03.19-10.11.42:196][  0]LogPackFactory: Copied "../../../Samples/StarterContent/Content/StarterContent/Materials/M_Tech_Checker_Dot.uasset" to "../../../../../../Users/Liam/Documents/Unreal Projects/ClassesTutorial/Content/StarterContent/Materials/M_Tech_Checker_Dot.uasset"
[2017.03.19-10.11.42:209][  0]LogPackFactory: Copied "../../../Samples/StarterContent/Content/StarterContent/Materials/M_Tech_Hex_Tile.uasset" to "../../../../../../Users/Liam/Documents/Unreal Projects/ClassesTutorial/Content/StarterContent/Materials/M_Tech_Hex_Tile.uasset"
[2017.03.19-10.11.42:224][  0]LogPackFactory: Copied "../../../Samples/StarterContent/Content/StarterContent/Materials/M_Tech_Hex_Tile_Pulse.uasset" to "../../../../../../Users/Liam/Documents/Unreal Projects/ClassesTutorial/Content/StarterContent/Materials/M_Tech_Hex_Tile_Pulse.uasset"
[2017.03.19-10.11.42:246][  0]LogPackFactory: Copied "../../../Samples/StarterContent/Content/StarterContent/Materials/M_Tech_Panel.uasset" to "../../../../../../Users/Liam/Documents/Unreal Projects/ClassesTutorial/Content/StarterContent/Materials/M_Tech_Panel.uasset"
[2017.03.19-10.11.42:285][  0]LogPackFactory: Copied "../../../Samples/StarterContent/Content/StarterContent/Materials/M_Water_Lake.uasset" to "../../../../../../Users/Liam/Documents/Unreal Projects/ClassesTutorial/Content/StarterContent/Materials/M_Water_Lake.uasset"
[2017.03.19-10.11.42:386][  0]LogPackFactory: Copied "../../../Samples/StarterContent/Content/StarterContent/Materials/M_Water_Ocean.uasset" to "../../../../../../Users/Liam/Documents/Unreal Projects/ClassesTutorial/Content/StarterContent/Materials/M_Water_Ocean.uasset"
[2017.03.19-10.11.42:402][  0]LogPackFactory: Copied "../../../Samples/StarterContent/Content/StarterContent/Materials/M_Wood_Floor_Walnut_Polished.uasset" to "../../../../../../Users/Liam/Documents/Unreal Projects/ClassesTutorial/Content/StarterContent/Materials/M_Wood_Floor_Walnut_Polished.uasset"
[2017.03.19-10.11.42:423][  0]LogPackFactory: Copied "../../../Samples/StarterContent/Content/StarterContent/Materials/M_Wood_Floor_Walnut_Worn.uasset" to "../../../../../../Users/Liam/Documents/Unreal Projects/ClassesTutorial/Content/StarterContent/Materials/M_Wood_Floor_Walnut_Worn.uasset"
[2017.03.19-10.11.42:432][  0]LogPackFactory: Copied "../../../Samples/StarterContent/Content/StarterContent/Materials/M_Wood_Oak.uasset" to "../../../../../../Users/Liam/Documents/Unreal Projects/ClassesTutorial/Content/StarterContent/Materials/M_Wood_Oak.uasset"
[2017.03.19-10.11.42:441][  0]LogPackFactory: Copied "../../../Samples/StarterContent/Content/StarterContent/Materials/M_Wood_Pine.uasset" to "../../../../../../Users/Liam/Documents/Unreal Projects/ClassesTutorial/Content/StarterContent/Materials/M_Wood_Pine.uasset"
[2017.03.19-10.11.42:450][  0]LogPackFactory: Copied "../../../Samples/StarterContent/Content/StarterContent/Materials/M_Wood_Walnut.uasset" to "../../../../../../Users/Liam/Documents/Unreal Projects/ClassesTutorial/Content/StarterContent/Materials/M_Wood_Walnut.uasset"
[2017.03.19-10.11.42:477][  0]LogPackFactory: Copied "../../../Samples/StarterContent/Content/StarterContent/Particles/P_Ambient_Dust.uasset" to "../../../../../../Users/Liam/Documents/Unreal Projects/ClassesTutorial/Content/StarterContent/Particles/P_Ambient_Dust.uasset"
[2017.03.19-10.11.42:486][  0]LogPackFactory: Copied "../../../Samples/StarterContent/Content/StarterContent/Particles/P_Explosion.uasset" to "../../../../../../Users/Liam/Documents/Unreal Projects/ClassesTutorial/Content/StarterContent/Particles/P_Explosion.uasset"
[2017.03.19-10.11.42:519][  0]LogPackFactory: Copied "../../../Samples/StarterContent/Content/StarterContent/Particles/P_Fire.uasset" to "../../../../../../Users/Liam/Documents/Unreal Projects/ClassesTutorial/Content/StarterContent/Particles/P_Fire.uasset"
[2017.03.19-10.11.42:538][  0]LogPackFactory: Copied "../../../Samples/StarterContent/Content/StarterContent/Particles/P_Smoke.uasset" to "../../../../../../Users/Liam/Documents/Unreal Projects/ClassesTutorial/Content/StarterContent/Particles/P_Smoke.uasset"
[2017.03.19-10.11.42:547][  0]LogPackFactory: Copied "../../../Samples/StarterContent/Content/StarterContent/Particles/P_Sparks.uasset" to "../../../../../../Users/Liam/Documents/Unreal Projects/ClassesTutorial/Content/StarterContent/Particles/P_Sparks.uasset"
[2017.03.19-10.11.42:571][  0]LogPackFactory: Copied "../../../Samples/StarterContent/Content/StarterContent/Particles/P_Steam_Lit.uasset" to "../../../../../../Users/Liam/Documents/Unreal Projects/ClassesTutorial/Content/StarterContent/Particles/P_Steam_Lit.uasset"
[2017.03.19-10.11.42:602][  0]LogPackFactory: Copied "../../../Samples/StarterContent/Content/StarterContent/Particles/Materials/M_Burst.uasset" to "../../../../../../Users/Liam/Documents/Unreal Projects/ClassesTutorial/Content/StarterContent/Particles/Materials/M_Burst.uasset"
[2017.03.19-10.11.42:622][  0]LogPackFactory: Copied "../../../Samples/StarterContent/Content/StarterContent/Particles/Materials/M_Dust_Particle.uasset" to "../../../../../../Users/Liam/Documents/Unreal Projects/ClassesTutorial/Content/StarterContent/Particles/Materials/M_Dust_Particle.uasset"
[2017.03.19-10.11.42:653][  0]LogPackFactory: Copied "../../../Samples/StarterContent/Content/StarterContent/Particles/Materials/M_explosion_subUV.uasset" to "../../../../../../Users/Liam/Documents/Unreal Projects/ClassesTutorial/Content/StarterContent/Particles/Materials/M_explosion_subUV.uasset"
[2017.03.19-10.11.42:675][  0]LogPackFactory: Copied "../../../Samples/StarterContent/Content/StarterContent/Particles/Materials/M_Fire_SubUV.uasset" to "../../../../../../Users/Liam/Documents/Unreal Projects/ClassesTutorial/Content/StarterContent/Particles/Materials/M_Fire_SubUV.uasset"
[2017.03.19-10.11.42:703][  0]LogPackFactory: Copied "../../../Samples/StarterContent/Content/StarterContent/Particles/Materials/m_flare_01.uasset" to "../../../../../../Users/Liam/Documents/Unreal Projects/ClassesTutorial/Content/StarterContent/Particles/Materials/m_flare_01.uasset"
[2017.03.19-10.11.42:734][  0]LogPackFactory: Copied "../../../Samples/StarterContent/Content/StarterContent/Particles/Materials/M_Heat_Distortion.uasset" to "../../../../../../Users/Liam/Documents/Unreal Projects/ClassesTutorial/Content/StarterContent/Particles/Materials/M_Heat_Distortion.uasset"
[2017.03.19-10.11.42:743][  0]LogPackFactory: Copied "../../../Samples/StarterContent/Content/StarterContent/Particles/Materials/M_Radial_Gradient.uasset" to "../../../../../../Users/Liam/Documents/Unreal Projects/ClassesTutorial/Content/StarterContent/Particles/Materials/M_Radial_Gradient.uasset"
[2017.03.19-10.11.42:786][  0]LogPackFactory: Copied "../../../Samples/StarterContent/Content/StarterContent/Particles/Materials/M_radial_ramp.uasset" to "../../../../../../Users/Liam/Documents/Unreal Projects/ClassesTutorial/Content/StarterContent/Particles/Materials/M_radial_ramp.uasset"
[2017.03.19-10.11.42:812][  0]LogPackFactory: Copied "../../../Samples/StarterContent/Content/StarterContent/Particles/Materials/M_smoke_subUV.uasset" to "../../../../../../Users/Liam/Documents/Unreal Projects/ClassesTutorial/Content/StarterContent/Particles/Materials/M_smoke_subUV.uasset"
[2017.03.19-10.11.42:850][  0]LogPackFactory: Copied "../../../Samples/StarterContent/Content/StarterContent/Particles/Materials/M_Spark.uasset" to "../../../../../../Users/Liam/Documents/Unreal Projects/ClassesTutorial/Content/StarterContent/Particles/Materials/M_Spark.uasset"
[2017.03.19-10.11.42:873][  0]LogPackFactory: Copied "../../../Samples/StarterContent/Content/StarterContent/Props/MaterialSphere.uasset" to "../../../../../../Users/Liam/Documents/Unreal Projects/ClassesTutorial/Content/StarterContent/Props/MaterialSphere.uasset"
[2017.03.19-10.11.42:900][  0]LogPackFactory: Copied "../../../Samples/StarterContent/Content/StarterContent/Props/SM_Bush.uasset" to "../../../../../../Users/Liam/Documents/Unreal Projects/ClassesTutorial/Content/StarterContent/Props/SM_Bush.uasset"
[2017.03.19-10.11.42:971][  0]LogPackFactory: Copied "../../../Samples/StarterContent/Content/StarterContent/Props/SM_Chair.uasset" to "../../../../../../Users/Liam/Documents/Unreal Projects/ClassesTutorial/Content/StarterContent/Props/SM_Chair.uasset"
[2017.03.19-10.11.43:024][  0]LogPackFactory: Copied "../../../Samples/StarterContent/Content/StarterContent/Props/SM_CornerFrame.uasset" to "../../../../../../Users/Liam/Documents/Unreal Projects/ClassesTutorial/Content/StarterContent/Props/SM_CornerFrame.uasset"
[2017.03.19-10.11.43:062][  0]LogPackFactory: Copied "../../../Samples/StarterContent/Content/StarterContent/Props/SM_Couch.uasset" to "../../../../../../Users/Liam/Documents/Unreal Projects/ClassesTutorial/Content/StarterContent/Props/SM_Couch.uasset"
[2017.03.19-10.11.43:096][  0]LogPackFactory: Copied "../../../Samples/StarterContent/Content/StarterContent/Props/SM_Door.uasset" to "../../../../../../Users/Liam/Documents/Unreal Projects/ClassesTutorial/Content/StarterContent/Props/SM_Door.uasset"
[2017.03.19-10.11.43:162][  0]LogPackFactory: Copied "../../../Samples/StarterContent/Content/StarterContent/Props/SM_DoorFrame.uasset" to "../../../../../../Users/Liam/Documents/Unreal Projects/ClassesTutorial/Content/StarterContent/Props/SM_DoorFrame.uasset"
[2017.03.19-10.11.43:194][  0]LogPackFactory: Copied "../../../Samples/StarterContent/Content/StarterContent/Props/SM_GlassWindow.uasset" to "../../../../../../Users/Liam/Documents/Unreal Projects/ClassesTutorial/Content/StarterContent/Props/SM_GlassWindow.uasset"
[2017.03.19-10.11.43:287][  0]LogPackFactory: Copied "../../../Samples/StarterContent/Content/StarterContent/Props/SM_Lamp_Ceiling.uasset" to "../../../../../../Users/Liam/Documents/Unreal Projects/ClassesTutorial/Content/StarterContent/Props/SM_Lamp_Ceiling.uasset"
[2017.03.19-10.11.43:364][  0]LogPackFactory: Copied "../../../Samples/StarterContent/Content/StarterContent/Props/SM_Lamp_Wall.uasset" to "../../../../../../Users/Liam/Documents/Unreal Projects/ClassesTutorial/Content/StarterContent/Props/SM_Lamp_Wall.uasset"
[2017.03.19-10.11.43:438][  0]LogPackFactory: Copied "../../../Samples/StarterContent/Content/StarterContent/Props/SM_MatPreviewMesh_02.uasset" to "../../../../../../Users/Liam/Documents/Unreal Projects/ClassesTutorial/Content/StarterContent/Props/SM_MatPreviewMesh_02.uasset"
[2017.03.19-10.11.43:524][  0]LogPackFactory: Copied "../../../Samples/StarterContent/Content/StarterContent/Props/SM_PillarFrame.uasset" to "../../../../../../Users/Liam/Documents/Unreal Projects/ClassesTutorial/Content/StarterContent/Props/SM_PillarFrame.uasset"
[2017.03.19-10.11.43:553][  0]LogPackFactory: Copied "../../../Samples/StarterContent/Content/StarterContent/Props/SM_PillarFrame300.uasset" to "../../../../../../Users/Liam/Documents/Unreal Projects/ClassesTutorial/Content/StarterContent/Props/SM_PillarFrame300.uasset"
[2017.03.19-10.11.43:646][  0]LogPackFactory: Copied "../../../Samples/StarterContent/Content/StarterContent/Props/SM_Rock.uasset" to "../../../../../../Users/Liam/Documents/Unreal Projects/ClassesTutorial/Content/StarterContent/Props/SM_Rock.uasset"
[2017.03.19-10.11.43:713][  0]LogPackFactory: Copied "../../../Samples/StarterContent/Content/StarterContent/Props/SM_Shelf.uasset" to "../../../../../../Users/Liam/Documents/Unreal Projects/ClassesTutorial/Content/StarterContent/Props/SM_Shelf.uasset"
[2017.03.19-10.11.43:771][  0]LogPackFactory: Copied "../../../Samples/StarterContent/Content/StarterContent/Props/SM_Stairs.uasset" to "../../../../../../Users/Liam/Documents/Unreal Projects/ClassesTutorial/Content/StarterContent/Props/SM_Stairs.uasset"
[2017.03.19-10.11.43:839][  0]LogPackFactory: Copied "../../../Samples/StarterContent/Content/StarterContent/Props/SM_Statue.uasset" to "../../../../../../Users/Liam/Documents/Unreal Projects/ClassesTutorial/Content/StarterContent/Props/SM_Statue.uasset"
[2017.03.19-10.11.43:903][  0]LogPackFactory: Copied "../../../Samples/StarterContent/Content/StarterContent/Props/SM_TableRound.uasset" to "../../../../../../Users/Liam/Documents/Unreal Projects/ClassesTutorial/Content/StarterContent/Props/SM_TableRound.uasset"
[2017.03.19-10.11.44:003][  0]LogPackFactory: Copied "../../../Samples/StarterContent/Content/StarterContent/Props/SM_WindowFrame.uasset" to "../../../../../../Users/Liam/Documents/Unreal Projects/ClassesTutorial/Content/StarterContent/Props/SM_WindowFrame.uasset"
[2017.03.19-10.11.44:064][  0]LogPackFactory: Copied "../../../Samples/StarterContent/Content/StarterContent/Props/Materials/M_Bush.uasset" to "../../../../../../Users/Liam/Documents/Unreal Projects/ClassesTutorial/Content/StarterContent/Props/Materials/M_Bush.uasset"
[2017.03.19-10.11.44:095][  0]LogPackFactory: Copied "../../../Samples/StarterContent/Content/StarterContent/Props/Materials/M_Chair.uasset" to "../../../../../../Users/Liam/Documents/Unreal Projects/ClassesTutorial/Content/StarterContent/Props/Materials/M_Chair.uasset"
[2017.03.19-10.11.44:136][  0]LogPackFactory: Copied "../../../Samples/StarterContent/Content/StarterContent/Props/Materials/M_Door.uasset" to "../../../../../../Users/Liam/Documents/Unreal Projects/ClassesTutorial/Content/StarterContent/Props/Materials/M_Door.uasset"
[2017.03.19-10.11.44:177][  0]LogPackFactory: Copied "../../../Samples/StarterContent/Content/StarterContent/Props/Materials/M_Frame.uasset" to "../../../../../../Users/Liam/Documents/Unreal Projects/ClassesTutorial/Content/StarterContent/Props/Materials/M_Frame.uasset"
[2017.03.19-10.11.44:216][  0]LogPackFactory: Copied "../../../Samples/StarterContent/Content/StarterContent/Props/Materials/M_Lamp.uasset" to "../../../../../../Users/Liam/Documents/Unreal Projects/ClassesTutorial/Content/StarterContent/Props/Materials/M_Lamp.uasset"
[2017.03.19-10.11.44:258][  0]LogPackFactory: Copied "../../../Samples/StarterContent/Content/StarterContent/Props/Materials/M_MaterialSphere.uasset" to "../../../../../../Users/Liam/Documents/Unreal Projects/ClassesTutorial/Content/StarterContent/Props/Materials/M_MaterialSphere.uasset"
[2017.03.19-10.11.44:451][  0]LogPackFactory: Copied "../../../Samples/StarterContent/Content/StarterContent/Props/Materials/M_MaterialSphere_Plain.uasset" to "../../../../../../Users/Liam/Documents/Unreal Projects/ClassesTutorial/Content/StarterContent/Props/Materials/M_MaterialSphere_Plain.uasset"
[2017.03.19-10.11.44:493][  0]LogPackFactory: Copied "../../../Samples/StarterContent/Content/StarterContent/Props/Materials/M_Rock.uasset" to "../../../../../../Users/Liam/Documents/Unreal Projects/ClassesTutorial/Content/StarterContent/Props/Materials/M_Rock.uasset"
[2017.03.19-10.11.44:549][  0]LogPackFactory: Copied "../../../Samples/StarterContent/Content/StarterContent/Props/Materials/M_Shelf.uasset" to "../../../../../../Users/Liam/Documents/Unreal Projects/ClassesTutorial/Content/StarterContent/Props/Materials/M_Shelf.uasset"
[2017.03.19-10.11.44:575][  0]LogPackFactory: Copied "../../../Samples/StarterContent/Content/StarterContent/Props/Materials/M_Statue.uasset" to "../../../../../../Users/Liam/Documents/Unreal Projects/ClassesTutorial/Content/StarterContent/Props/Materials/M_Statue.uasset"
[2017.03.19-10.11.44:607][  0]LogPackFactory: Copied "../../../Samples/StarterContent/Content/StarterContent/Props/Materials/M_StatueGlass.uasset" to "../../../../../../Users/Liam/Documents/Unreal Projects/ClassesTutorial/Content/StarterContent/Props/Materials/M_StatueGlass.uasset"
[2017.03.19-10.11.44:649][  0]LogPackFactory: Copied "../../../Samples/StarterContent/Content/StarterContent/Props/Materials/M_TableRound.uasset" to "../../../../../../Users/Liam/Documents/Unreal Projects/ClassesTutorial/Content/StarterContent/Props/Materials/M_TableRound.uasset"
[2017.03.19-10.11.44:674][  0]LogPackFactory: Copied "../../../Samples/StarterContent/Content/StarterContent/Shapes/Shape_Cone.uasset" to "../../../../../../Users/Liam/Documents/Unreal Projects/ClassesTutorial/Content/StarterContent/Shapes/Shape_Cone.uasset"
[2017.03.19-10.11.44:694][  0]LogPackFactory: Copied "../../../Samples/StarterContent/Content/StarterContent/Shapes/Shape_Cube.uasset" to "../../../../../../Users/Liam/Documents/Unreal Projects/ClassesTutorial/Content/StarterContent/Shapes/Shape_Cube.uasset"
[2017.03.19-10.11.44:715][  0]LogPackFactory: Copied "../../../Samples/StarterContent/Content/StarterContent/Shapes/Shape_Cylinder.uasset" to "../../../../../../Users/Liam/Documents/Unreal Projects/ClassesTutorial/Content/StarterContent/Shapes/Shape_Cylinder.uasset"
[2017.03.19-10.11.44:749][  0]LogPackFactory: Copied "../../../Samples/StarterContent/Content/StarterContent/Shapes/Shape_NarrowCapsule.uasset" to "../../../../../../Users/Liam/Documents/Unreal Projects/ClassesTutorial/Content/StarterContent/Shapes/Shape_NarrowCapsule.uasset"
[2017.03.19-10.11.44:788][  0]LogPackFactory: Copied "../../../Samples/StarterContent/Content/StarterContent/Shapes/Shape_Pipe.uasset" to "../../../../../../Users/Liam/Documents/Unreal Projects/ClassesTutorial/Content/StarterContent/Shapes/Shape_Pipe.uasset"
[2017.03.19-10.11.44:818][  0]LogPackFactory: Copied "../../../Samples/StarterContent/Content/StarterContent/Shapes/Shape_Pipe_180.uasset" to "../../../../../../Users/Liam/Documents/Unreal Projects/ClassesTutorial/Content/StarterContent/Shapes/Shape_Pipe_180.uasset"
[2017.03.19-10.11.44:854][  0]LogPackFactory: Copied "../../../Samples/StarterContent/Content/StarterContent/Shapes/Shape_Pipe_90.uasset" to "../../../../../../Users/Liam/Documents/Unreal Projects/ClassesTutorial/Content/StarterContent/Shapes/Shape_Pipe_90.uasset"
[2017.03.19-10.11.44:876][  0]LogPackFactory: Copied "../../../Samples/StarterContent/Content/StarterContent/Shapes/Shape_Plane.uasset" to "../../../../../../Users/Liam/Documents/Unreal Projects/ClassesTutorial/Content/StarterContent/Shapes/Shape_Plane.uasset"
[2017.03.19-10.11.45:229][  0]LogPackFactory: Copied "../../../Samples/StarterContent/Content/StarterContent/Shapes/Shape_QuadPyramid.uasset" to "../../../../../../Users/Liam/Documents/Unreal Projects/ClassesTutorial/Content/StarterContent/Shapes/Shape_QuadPyramid.uasset"
[2017.03.19-10.11.45:251][  0]LogPackFactory: Copied "../../../Samples/StarterContent/Content/StarterContent/Shapes/Shape_Sphere.uasset" to "../../../../../../Users/Liam/Documents/Unreal Projects/ClassesTutorial/Content/StarterContent/Shapes/Shape_Sphere.uasset"
[2017.03.19-10.11.45:274][  0]LogPackFactory: Copied "../../../Samples/StarterContent/Content/StarterContent/Shapes/Shape_Torus.uasset" to "../../../../../../Users/Liam/Documents/Unreal Projects/ClassesTutorial/Content/StarterContent/Shapes/Shape_Torus.uasset"
[2017.03.19-10.11.45:297][  0]LogPackFactory: Copied "../../../Samples/StarterContent/Content/StarterContent/Shapes/Shape_Trim.uasset" to "../../../../../../Users/Liam/Documents/Unreal Projects/ClassesTutorial/Content/StarterContent/Shapes/Shape_Trim.uasset"
[2017.03.19-10.11.45:326][  0]LogPackFactory: Copied "../../../Samples/StarterContent/Content/StarterContent/Shapes/Shape_Trim_90_In.uasset" to "../../../../../../Users/Liam/Documents/Unreal Projects/ClassesTutorial/Content/StarterContent/Shapes/Shape_Trim_90_In.uasset"
[2017.03.19-10.11.45:350][  0]LogPackFactory: Copied "../../../Samples/StarterContent/Content/StarterContent/Shapes/Shape_Trim_90_Out.uasset" to "../../../../../../Users/Liam/Documents/Unreal Projects/ClassesTutorial/Content/StarterContent/Shapes/Shape_Trim_90_Out.uasset"
[2017.03.19-10.11.45:367][  0]LogPackFactory: Copied "../../../Samples/StarterContent/Content/StarterContent/Shapes/Shape_TriPyramid.uasset" to "../../../../../../Users/Liam/Documents/Unreal Projects/ClassesTutorial/Content/StarterContent/Shapes/Shape_TriPyramid.uasset"
[2017.03.19-10.11.45:389][  0]LogPackFactory: Copied "../../../Samples/StarterContent/Content/StarterContent/Shapes/Shape_Tube.uasset" to "../../../../../../Users/Liam/Documents/Unreal Projects/ClassesTutorial/Content/StarterContent/Shapes/Shape_Tube.uasset"
[2017.03.19-10.11.45:432][  0]LogPackFactory: Copied "../../../Samples/StarterContent/Content/StarterContent/Shapes/Shape_Wedge_A.uasset" to "../../../../../../Users/Liam/Documents/Unreal Projects/ClassesTutorial/Content/StarterContent/Shapes/Shape_Wedge_A.uasset"
[2017.03.19-10.11.45:452][  0]LogPackFactory: Copied "../../../Samples/StarterContent/Content/StarterContent/Shapes/Shape_Wedge_B.uasset" to "../../../../../../Users/Liam/Documents/Unreal Projects/ClassesTutorial/Content/StarterContent/Shapes/Shape_Wedge_B.uasset"
[2017.03.19-10.11.45:466][  0]LogPackFactory: Copied "../../../Samples/StarterContent/Content/StarterContent/Shapes/Shape_WideCapsule.uasset" to "../../../../../../Users/Liam/Documents/Unreal Projects/ClassesTutorial/Content/StarterContent/Shapes/Shape_WideCapsule.uasset"
[2017.03.19-10.11.45:559][  0]LogPackFactory: Copied "../../../Samples/StarterContent/Content/StarterContent/Textures/T_Brick_Clay_Beveled_D.uasset" to "../../../../../../Users/Liam/Documents/Unreal Projects/ClassesTutorial/Content/StarterContent/Textures/T_Brick_Clay_Beveled_D.uasset"
[2017.03.19-10.11.45:672][  0]LogPackFactory: Copied "../../../Samples/StarterContent/Content/StarterContent/Textures/T_Brick_Clay_Beveled_M.uasset" to "../../../../../../Users/Liam/Documents/Unreal Projects/ClassesTutorial/Content/StarterContent/Textures/T_Brick_Clay_Beveled_M.uasset"
[2017.03.19-10.11.45:774][  0]LogPackFactory: Copied "../../../Samples/StarterContent/Content/StarterContent/Textures/T_Brick_Clay_Beveled_N.uasset" to "../../../../../../Users/Liam/Documents/Unreal Projects/ClassesTutorial/Content/StarterContent/Textures/T_Brick_Clay_Beveled_N.uasset"
[2017.03.19-10.11.45:839][  0]LogPackFactory: Copied "../../../Samples/StarterContent/Content/StarterContent/Textures/T_Brick_Clay_New_D.uasset" to "../../../../../../Users/Liam/Documents/Unreal Projects/ClassesTutorial/Content/StarterContent/Textures/T_Brick_Clay_New_D.uasset"
[2017.03.19-10.11.45:947][  0]LogPackFactory: Copied "../../../Samples/StarterContent/Content/StarterContent/Textures/T_Brick_Clay_New_M.uasset" to "../../../../../../Users/Liam/Documents/Unreal Projects/ClassesTutorial/Content/StarterContent/Textures/T_Brick_Clay_New_M.uasset"
[2017.03.19-10.11.46:032][  0]LogPackFactory: Copied "../../../Samples/StarterContent/Content/StarterContent/Textures/T_Brick_Clay_New_N.uasset" to "../../../../../../Users/Liam/Documents/Unreal Projects/ClassesTutorial/Content/StarterContent/Textures/T_Brick_Clay_New_N.uasset"
[2017.03.19-10.11.46:234][  0]LogPackFactory: Copied "../../../Samples/StarterContent/Content/StarterContent/Textures/T_Brick_Clay_Old_D.uasset" to "../../../../../../Users/Liam/Documents/Unreal Projects/ClassesTutorial/Content/StarterContent/Textures/T_Brick_Clay_Old_D.uasset"
[2017.03.19-10.11.46:324][  0]LogPackFactory: Copied "../../../Samples/StarterContent/Content/StarterContent/Textures/T_Brick_Clay_Old_N.uasset" to "../../../../../../Users/Liam/Documents/Unreal Projects/ClassesTutorial/Content/StarterContent/Textures/T_Brick_Clay_Old_N.uasset"
[2017.03.19-10.11.46:451][  0]LogPackFactory: Copied "../../../Samples/StarterContent/Content/StarterContent/Textures/T_Brick_Cut_Stone_D.uasset" to "../../../../../../Users/Liam/Documents/Unreal Projects/ClassesTutorial/Content/StarterContent/Textures/T_Brick_Cut_Stone_D.uasset"
[2017.03.19-10.11.46:525][  0]LogPackFactory: Copied "../../../Samples/StarterContent/Content/StarterContent/Textures/T_Brick_Cut_Stone_N.uasset" to "../../../../../../Users/Liam/Documents/Unreal Projects/ClassesTutorial/Content/StarterContent/Textures/T_Brick_Cut_Stone_N.uasset"
[2017.03.19-10.11.46:691][  0]LogPackFactory: Copied "../../../Samples/StarterContent/Content/StarterContent/Textures/T_Brick_Hewn_Stone_D.uasset" to "../../../../../../Users/Liam/Documents/Unreal Projects/ClassesTutorial/Content/StarterContent/Textures/T_Brick_Hewn_Stone_D.uasset"
[2017.03.19-10.11.46:835][  0]LogPackFactory: Copied "../../../Samples/StarterContent/Content/StarterContent/Textures/T_Brick_Hewn_Stone_M.uasset" to "../../../../../../Users/Liam/Documents/Unreal Projects/ClassesTutorial/Content/StarterContent/Textures/T_Brick_Hewn_Stone_M.uasset"
[2017.03.19-10.11.46:978][  0]LogPackFactory: Copied "../../../Samples/StarterContent/Content/StarterContent/Textures/T_Brick_Hewn_Stone_N.uasset" to "../../../../../../Users/Liam/Documents/Unreal Projects/ClassesTutorial/Content/StarterContent/Textures/T_Brick_Hewn_Stone_N.uasset"
[2017.03.19-10.11.47:412][  0]LogPackFactory: Copied "../../../Samples/StarterContent/Content/StarterContent/Textures/T_Burst_M.uasset" to "../../../../../../Users/Liam/Documents/Unreal Projects/ClassesTutorial/Content/StarterContent/Textures/T_Burst_M.uasset"
[2017.03.19-10.11.47:451][  0]LogPackFactory: Copied "../../../Samples/StarterContent/Content/StarterContent/Textures/T_Bush_D.uasset" to "../../../../../../Users/Liam/Documents/Unreal Projects/ClassesTutorial/Content/StarterContent/Textures/T_Bush_D.uasset"
[2017.03.19-10.11.47:526][  0]LogPackFactory: Copied "../../../Samples/StarterContent/Content/StarterContent/Textures/T_Bush_N.uasset" to "../../../../../../Users/Liam/Documents/Unreal Projects/ClassesTutorial/Content/StarterContent/Textures/T_Bush_N.uasset"
[2017.03.19-10.11.48:034][  0]LogPackFactory: Copied "../../../Samples/StarterContent/Content/StarterContent/Textures/T_Ceramic_Tile_M.uasset" to "../../../../../../Users/Liam/Documents/Unreal Projects/ClassesTutorial/Content/StarterContent/Textures/T_Ceramic_Tile_M.uasset"
[2017.03.19-10.11.48:448][  0]LogPackFactory: Copied "../../../Samples/StarterContent/Content/StarterContent/Textures/T_Ceramic_Tile_N.uasset" to "../../../../../../Users/Liam/Documents/Unreal Projects/ClassesTutorial/Content/StarterContent/Textures/T_Ceramic_Tile_N.uasset"
[2017.03.19-10.11.49:006][  0]LogPackFactory: Copied "../../../Samples/StarterContent/Content/StarterContent/Textures/T_Chair_M.uasset" to "../../../../../../Users/Liam/Documents/Unreal Projects/ClassesTutorial/Content/StarterContent/Textures/T_Chair_M.uasset"
[2017.03.19-10.11.49:140][  0]LogPackFactory: Copied "../../../Samples/StarterContent/Content/StarterContent/Textures/T_Chair_N.uasset" to "../../../../../../Users/Liam/Documents/Unreal Projects/ClassesTutorial/Content/StarterContent/Textures/T_Chair_N.uasset"
[2017.03.19-10.11.49:190][  0]LogPackFactory: Copied "../../../Samples/StarterContent/Content/StarterContent/Textures/T_Checker_Noise_M.uasset" to "../../../../../../Users/Liam/Documents/Unreal Projects/ClassesTutorial/Content/StarterContent/Textures/T_Checker_Noise_M.uasset"
[2017.03.19-10.11.49:303][  0]LogPackFactory: Copied "../../../Samples/StarterContent/Content/StarterContent/Textures/T_CobbleStone_Pebble_D.uasset" to "../../../../../../Users/Liam/Documents/Unreal Projects/ClassesTutorial/Content/StarterContent/Textures/T_CobbleStone_Pebble_D.uasset"
[2017.03.19-10.11.49:333][  0]LogPackFactory: Copied "../../../Samples/StarterContent/Content/StarterContent/Textures/T_CobbleStone_Pebble_M.uasset" to "../../../../../../Users/Liam/Documents/Unreal Projects/ClassesTutorial/Content/StarterContent/Textures/T_CobbleStone_Pebble_M.uasset"
[2017.03.19-10.11.49:449][  0]LogPackFactory: Copied "../../../Samples/StarterContent/Content/StarterContent/Textures/T_CobbleStone_Pebble_N.uasset" to "../../../../../../Users/Liam/Documents/Unreal Projects/ClassesTutorial/Content/StarterContent/Textures/T_CobbleStone_Pebble_N.uasset"
[2017.03.19-10.11.49:518][  0]LogPackFactory: Copied "../../../Samples/StarterContent/Content/StarterContent/Textures/T_CobbleStone_Rough_D.uasset" to "../../../../../../Users/Liam/Documents/Unreal Projects/ClassesTutorial/Content/StarterContent/Textures/T_CobbleStone_Rough_D.uasset"
[2017.03.19-10.11.49:559][  0]LogPackFactory: Copied "../../../Samples/StarterContent/Content/StarterContent/Textures/T_CobbleStone_Rough_N.uasset" to "../../../../../../Users/Liam/Documents/Unreal Projects/ClassesTutorial/Content/StarterContent/Textures/T_CobbleStone_Rough_N.uasset"
[2017.03.19-10.11.49:639][  0]LogPackFactory: Copied "../../../Samples/StarterContent/Content/StarterContent/Textures/T_CobbleStone_Smooth_D.uasset" to "../../../../../../Users/Liam/Documents/Unreal Projects/ClassesTutorial/Content/StarterContent/Textures/T_CobbleStone_Smooth_D.uasset"
[2017.03.19-10.11.49:711][  0]LogPackFactory: Copied "../../../Samples/StarterContent/Content/StarterContent/Textures/T_CobbleStone_Smooth_M.uasset" to "../../../../../../Users/Liam/Documents/Unreal Projects/ClassesTutorial/Content/StarterContent/Textures/T_CobbleStone_Smooth_M.uasset"
[2017.03.19-10.11.49:811][  0]LogPackFactory: Copied "../../../Samples/StarterContent/Content/StarterContent/Textures/T_CobbleStone_Smooth_N.uasset" to "../../../../../../Users/Liam/Documents/Unreal Projects/ClassesTutorial/Content/StarterContent/Textures/T_CobbleStone_Smooth_N.uasset"
[2017.03.19-10.11.49:910][  0]LogPackFactory: Copied "../../../Samples/StarterContent/Content/StarterContent/Textures/T_Concrete_Grime_D.uasset" to "../../../../../../Users/Liam/Documents/Unreal Projects/ClassesTutorial/Content/StarterContent/Textures/T_Concrete_Grime_D.uasset"
[2017.03.19-10.11.50:052][  0]LogPackFactory: Copied "../../../Samples/StarterContent/Content/StarterContent/Textures/T_Concrete_Panels_D.uasset" to "../../../../../../Users/Liam/Documents/Unreal Projects/ClassesTutorial/Content/StarterContent/Textures/T_Concrete_Panels_D.uasset"
[2017.03.19-10.11.50:151][  0]LogPackFactory: Copied "../../../Samples/StarterContent/Content/StarterContent/Textures/T_Concrete_Panels_N.uasset" to "../../../../../../Users/Liam/Documents/Unreal Projects/ClassesTutorial/Content/StarterContent/Textures/T_Concrete_Panels_N.uasset"
[2017.03.19-10.11.50:609][  0]LogPackFactory: Copied "../../../Samples/StarterContent/Content/StarterContent/Textures/T_Concrete_Poured_D.uasset" to "../../../../../../Users/Liam/Documents/Unreal Projects/ClassesTutorial/Content/StarterContent/Textures/T_Concrete_Poured_D.uasset"
[2017.03.19-10.11.50:888][  0]LogPackFactory: Copied "../../../Samples/StarterContent/Content/StarterContent/Textures/T_Concrete_Poured_N.uasset" to "../../../../../../Users/Liam/Documents/Unreal Projects/ClassesTutorial/Content/StarterContent/Textures/T_Concrete_Poured_N.uasset"
[2017.03.19-10.11.51:178][  0]LogPackFactory: Copied "../../../Samples/StarterContent/Content/StarterContent/Textures/T_Concrete_Tiles_D.uasset" to "../../../../../../Users/Liam/Documents/Unreal Projects/ClassesTutorial/Content/StarterContent/Textures/T_Concrete_Tiles_D.uasset"
[2017.03.19-10.11.51:252][  0]LogPackFactory: Copied "../../../Samples/StarterContent/Content/StarterContent/Textures/T_Concrete_Tiles_M.uasset" to "../../../../../../Users/Liam/Documents/Unreal Projects/ClassesTutorial/Content/StarterContent/Textures/T_Concrete_Tiles_M.uasset"
[2017.03.19-10.11.51:405][  0]LogPackFactory: Copied "../../../Samples/StarterContent/Content/StarterContent/Textures/T_Concrete_Tiles_N.uasset" to "../../../../../../Users/Liam/Documents/Unreal Projects/ClassesTutorial/Content/StarterContent/Textures/T_Concrete_Tiles_N.uasset"
[2017.03.19-10.11.51:493][  0]LogPackFactory: Copied "../../../Samples/StarterContent/Content/StarterContent/Textures/T_Concrete_Tiles_Variation_M.uasset" to "../../../../../../Users/Liam/Documents/Unreal Projects/ClassesTutorial/Content/StarterContent/Textures/T_Concrete_Tiles_Variation_M.uasset"
[2017.03.19-10.11.52:169][  0]LogPackFactory: Copied "../../../Samples/StarterContent/Content/StarterContent/Textures/T_Detail_Rocky_N.uasset" to "../../../../../../Users/Liam/Documents/Unreal Projects/ClassesTutorial/Content/StarterContent/Textures/T_Detail_Rocky_N.uasset"
[2017.03.19-10.11.52:297][  0]LogPackFactory: Copied "../../../Samples/StarterContent/Content/StarterContent/Textures/T_Door_M.uasset" to "../../../../../../Users/Liam/Documents/Unreal Projects/ClassesTutorial/Content/StarterContent/Textures/T_Door_M.uasset"
[2017.03.19-10.11.52:490][  0]LogPackFactory: Copied "../../../Samples/StarterContent/Content/StarterContent/Textures/T_Door_N.uasset" to "../../../../../../Users/Liam/Documents/Unreal Projects/ClassesTutorial/Content/StarterContent/Textures/T_Door_N.uasset"
[2017.03.19-10.11.52:523][  0]LogPackFactory: Copied "../../../Samples/StarterContent/Content/StarterContent/Textures/T_Dust_Particle_D.uasset" to "../../../../../../Users/Liam/Documents/Unreal Projects/ClassesTutorial/Content/StarterContent/Textures/T_Dust_Particle_D.uasset"
[2017.03.19-10.11.52:577][  0]LogPackFactory: Copied "../../../Samples/StarterContent/Content/StarterContent/Textures/T_Explosion_SubUV.uasset" to "../../../../../../Users/Liam/Documents/Unreal Projects/ClassesTutorial/Content/StarterContent/Textures/T_Explosion_SubUV.uasset"
[2017.03.19-10.11.52:665][  0]LogPackFactory: Copied "../../../Samples/StarterContent/Content/StarterContent/Textures/T_Fire_SubUV.uasset" to "../../../../../../Users/Liam/Documents/Unreal Projects/ClassesTutorial/Content/StarterContent/Textures/T_Fire_SubUV.uasset"
[2017.03.19-10.11.52:720][  0]LogPackFactory: Copied "../../../Samples/StarterContent/Content/StarterContent/Textures/T_Fire_Tiled_D.uasset" to "../../../../../../Users/Liam/Documents/Unreal Projects/ClassesTutorial/Content/StarterContent/Textures/T_Fire_Tiled_D.uasset"
[2017.03.19-10.11.52:760][  0]LogPackFactory: Copied "../../../Samples/StarterContent/Content/StarterContent/Textures/T_Frame_M.uasset" to "../../../../../../Users/Liam/Documents/Unreal Projects/ClassesTutorial/Content/StarterContent/Textures/T_Frame_M.uasset"
[2017.03.19-10.11.52:801][  0]LogPackFactory: Copied "../../../Samples/StarterContent/Content/StarterContent/Textures/T_Frame_N.uasset" to "../../../../../../Users/Liam/Documents/Unreal Projects/ClassesTutorial/Content/StarterContent/Textures/T_Frame_N.uasset"
[2017.03.19-10.11.52:834][  0]LogPackFactory: Copied "../../../Samples/StarterContent/Content/StarterContent/Textures/T_Gradinet_01.uasset" to "../../../../../../Users/Liam/Documents/Unreal Projects/ClassesTutorial/Content/StarterContent/Textures/T_Gradinet_01.uasset"
[2017.03.19-10.11.52:979][  0]LogPackFactory: Copied "../../../Samples/StarterContent/Content/StarterContent/Textures/T_Ground_Grass_D.uasset" to "../../../../../../Users/Liam/Documents/Unreal Projects/ClassesTutorial/Content/StarterContent/Textures/T_Ground_Grass_D.uasset"
[2017.03.19-10.11.53:190][  0]LogPackFactory: Copied "../../../Samples/StarterContent/Content/StarterContent/Textures/T_Ground_Grass_N.uasset" to "../../../../../../Users/Liam/Documents/Unreal Projects/ClassesTutorial/Content/StarterContent/Textures/T_Ground_Grass_N.uasset"
[2017.03.19-10.11.53:353][  0]LogPackFactory: Copied "../../../Samples/StarterContent/Content/StarterContent/Textures/T_Ground_Gravel_D.uasset" to "../../../../../../Users/Liam/Documents/Unreal Projects/ClassesTutorial/Content/StarterContent/Textures/T_Ground_Gravel_D.uasset"
[2017.03.19-10.11.53:433][  0]LogPackFactory: Copied "../../../Samples/StarterContent/Content/StarterContent/Textures/T_Ground_Gravel_N.uasset" to "../../../../../../Users/Liam/Documents/Unreal Projects/ClassesTutorial/Content/StarterContent/Textures/T_Ground_Gravel_N.uasset"
[2017.03.19-10.11.53:609][  0]LogPackFactory: Copied "../../../Samples/StarterContent/Content/StarterContent/Textures/T_ground_Moss_D.uasset" to "../../../../../../Users/Liam/Documents/Unreal Projects/ClassesTutorial/Content/StarterContent/Textures/T_ground_Moss_D.uasset"
[2017.03.19-10.11.53:725][  0]LogPackFactory: Copied "../../../Samples/StarterContent/Content/StarterContent/Textures/T_Ground_Moss_N.uasset" to "../../../../../../Users/Liam/Documents/Unreal Projects/ClassesTutorial/Content/StarterContent/Textures/T_Ground_Moss_N.uasset"
[2017.03.19-10.11.53:787][  0]LogPackFactory: Copied "../../../Samples/StarterContent/Content/StarterContent/Textures/T_Lamp_M.uasset" to "../../../../../../Users/Liam/Documents/Unreal Projects/ClassesTutorial/Content/StarterContent/Textures/T_Lamp_M.uasset"
[2017.03.19-10.11.53:885][  0]LogPackFactory: Copied "../../../Samples/StarterContent/Content/StarterContent/Textures/T_Lamp_N.uasset" to "../../../../../../Users/Liam/Documents/Unreal Projects/ClassesTutorial/Content/StarterContent/Textures/T_Lamp_N.uasset"
[2017.03.19-10.11.54:180][  0]LogPackFactory: Copied "../../../Samples/StarterContent/Content/StarterContent/Textures/T_MacroVariation.uasset" to "../../../../../../Users/Liam/Documents/Unreal Projects/ClassesTutorial/Content/StarterContent/Textures/T_MacroVariation.uasset"
[2017.03.19-10.11.54:349][  0]LogPackFactory: Copied "../../../Samples/StarterContent/Content/StarterContent/Textures/T_Metal_Aluminum_D.uasset" to "../../../../../../Users/Liam/Documents/Unreal Projects/ClassesTutorial/Content/StarterContent/Textures/T_Metal_Aluminum_D.uasset"
[2017.03.19-10.11.54:535][  0]LogPackFactory: Copied "../../../Samples/StarterContent/Content/StarterContent/Textures/T_Metal_Copper_D.uasset" to "../../../../../../Users/Liam/Documents/Unreal Projects/ClassesTutorial/Content/StarterContent/Textures/T_Metal_Copper_D.uasset"
[2017.03.19-10.11.55:062][  0]LogPackFactory: Copied "../../../Samples/StarterContent/Content/StarterContent/Textures/T_Metal_Gold_D.uasset" to "../../../../../../Users/Liam/Documents/Unreal Projects/ClassesTutorial/Content/StarterContent/Textures/T_Metal_Gold_D.uasset"
[2017.03.19-10.11.55:126][  0]LogPackFactory: Copied "../../../Samples/StarterContent/Content/StarterContent/Textures/T_Metal_Gold_N.uasset" to "../../../../../../Users/Liam/Documents/Unreal Projects/ClassesTutorial/Content/StarterContent/Textures/T_Metal_Gold_N.uasset"
[2017.03.19-10.11.55:374][  0]LogPackFactory: Copied "../../../Samples/StarterContent/Content/StarterContent/Textures/T_Metal_Rust_D.uasset" to "../../../../../../Users/Liam/Documents/Unreal Projects/ClassesTutorial/Content/StarterContent/Textures/T_Metal_Rust_D.uasset"
[2017.03.19-10.11.55:648][  0]LogPackFactory: Copied "../../../Samples/StarterContent/Content/StarterContent/Textures/T_Metal_Rust_N.uasset" to "../../../../../../Users/Liam/Documents/Unreal Projects/ClassesTutorial/Content/StarterContent/Textures/T_Metal_Rust_N.uasset"
[2017.03.19-10.11.56:353][  0]LogPackFactory: Copied "../../../Samples/StarterContent/Content/StarterContent/Textures/T_Metal_Steel_D.uasset" to "../../../../../../Users/Liam/Documents/Unreal Projects/ClassesTutorial/Content/StarterContent/Textures/T_Metal_Steel_D.uasset"
[2017.03.19-10.11.56:588][  0]LogPackFactory: Copied "../../../Samples/StarterContent/Content/StarterContent/Textures/T_Metal_Steel_N.uasset" to "../../../../../../Users/Liam/Documents/Unreal Projects/ClassesTutorial/Content/StarterContent/Textures/T_Metal_Steel_N.uasset"
[2017.03.19-10.11.56:724][  0]LogPackFactory: Copied "../../../Samples/StarterContent/Content/StarterContent/Textures/T_Perlin_Noise_M.uasset" to "../../../../../../Users/Liam/Documents/Unreal Projects/ClassesTutorial/Content/StarterContent/Textures/T_Perlin_Noise_M.uasset"
[2017.03.19-10.11.56:783][  0]LogPackFactory: Copied "../../../Samples/StarterContent/Content/StarterContent/Textures/T_RockMesh_M.uasset" to "../../../../../../Users/Liam/Documents/Unreal Projects/ClassesTutorial/Content/StarterContent/Textures/T_RockMesh_M.uasset"
[2017.03.19-10.11.56:850][  0]LogPackFactory: Copied "../../../Samples/StarterContent/Content/StarterContent/Textures/T_RockMesh_N.uasset" to "../../../../../../Users/Liam/Documents/Unreal Projects/ClassesTutorial/Content/StarterContent/Textures/T_RockMesh_N.uasset"
[2017.03.19-10.11.57:229][  0]LogPackFactory: Copied "../../../Samples/StarterContent/Content/StarterContent/Textures/T_Rock_Basalt_D.uasset" to "../../../../../../Users/Liam/Documents/Unreal Projects/ClassesTutorial/Content/StarterContent/Textures/T_Rock_Basalt_D.uasset"
[2017.03.19-10.11.57:784][  0]LogPackFactory: Copied "../../../Samples/StarterContent/Content/StarterContent/Textures/T_Rock_Basalt_N.uasset" to "../../../../../../Users/Liam/Documents/Unreal Projects/ClassesTutorial/Content/StarterContent/Textures/T_Rock_Basalt_N.uasset"
[2017.03.19-10.11.57:901][  0]LogPackFactory: Copied "../../../Samples/StarterContent/Content/StarterContent/Textures/T_Rock_Marble_Polished_D.uasset" to "../../../../../../Users/Liam/Documents/Unreal Projects/ClassesTutorial/Content/StarterContent/Textures/T_Rock_Marble_Polished_D.uasset"
[2017.03.19-10.11.58:342][  0]LogPackFactory: Copied "../../../Samples/StarterContent/Content/StarterContent/Textures/T_Rock_Sandstone_D.uasset" to "../../../../../../Users/Liam/Documents/Unreal Projects/ClassesTutorial/Content/StarterContent/Textures/T_Rock_Sandstone_D.uasset"
[2017.03.19-10.11.58:474][  0]LogPackFactory: Copied "../../../Samples/StarterContent/Content/StarterContent/Textures/T_Rock_Sandstone_N.uasset" to "../../../../../../Users/Liam/Documents/Unreal Projects/ClassesTutorial/Content/StarterContent/Textures/T_Rock_Sandstone_N.uasset"
[2017.03.19-10.11.58:594][  0]LogPackFactory: Copied "../../../Samples/StarterContent/Content/StarterContent/Textures/T_Rock_Slate_D.uasset" to "../../../../../../Users/Liam/Documents/Unreal Projects/ClassesTutorial/Content/StarterContent/Textures/T_Rock_Slate_D.uasset"
[2017.03.19-10.11.58:699][  0]LogPackFactory: Copied "../../../Samples/StarterContent/Content/StarterContent/Textures/T_Rock_Slate_N.uasset" to "../../../../../../Users/Liam/Documents/Unreal Projects/ClassesTutorial/Content/StarterContent/Textures/T_Rock_Slate_N.uasset"
[2017.03.19-10.11.58:830][  0]LogPackFactory: Copied "../../../Samples/StarterContent/Content/StarterContent/Textures/T_Rock_Smooth_Granite_D.uasset" to "../../../../../../Users/Liam/Documents/Unreal Projects/ClassesTutorial/Content/StarterContent/Textures/T_Rock_Smooth_Granite_D.uasset"
[2017.03.19-10.11.58:884][  0]LogPackFactory: Copied "../../../Samples/StarterContent/Content/StarterContent/Textures/T_Shelf_M.uasset" to "../../../../../../Users/Liam/Documents/Unreal Projects/ClassesTutorial/Content/StarterContent/Textures/T_Shelf_M.uasset"
[2017.03.19-10.11.58:948][  0]LogPackFactory: Copied "../../../Samples/StarterContent/Content/StarterContent/Textures/T_Shelf_N.uasset" to "../../../../../../Users/Liam/Documents/Unreal Projects/ClassesTutorial/Content/StarterContent/Textures/T_Shelf_N.uasset"
[2017.03.19-10.11.59:028][  0]LogPackFactory: Copied "../../../Samples/StarterContent/Content/StarterContent/Textures/T_Single_Tile_N.uasset" to "../../../../../../Users/Liam/Documents/Unreal Projects/ClassesTutorial/Content/StarterContent/Textures/T_Single_Tile_N.uasset"
[2017.03.19-10.11.59:107][  0]LogPackFactory: Copied "../../../Samples/StarterContent/Content/StarterContent/Textures/T_Smoke_SubUV.uasset" to "../../../../../../Users/Liam/Documents/Unreal Projects/ClassesTutorial/Content/StarterContent/Textures/T_Smoke_SubUV.uasset"
[2017.03.19-10.11.59:229][  0]LogPackFactory: Copied "../../../Samples/StarterContent/Content/StarterContent/Textures/T_Smoke_Tiled_D.uasset" to "../../../../../../Users/Liam/Documents/Unreal Projects/ClassesTutorial/Content/StarterContent/Textures/T_Smoke_Tiled_D.uasset"
[2017.03.19-10.11.59:265][  0]LogPackFactory: Copied "../../../Samples/StarterContent/Content/StarterContent/Textures/T_Spark_Core.uasset" to "../../../../../../Users/Liam/Documents/Unreal Projects/ClassesTutorial/Content/StarterContent/Textures/T_Spark_Core.uasset"
[2017.03.19-10.11.59:511][  0]LogPackFactory: Copied "../../../Samples/StarterContent/Content/StarterContent/Textures/T_Statue_M.uasset" to "../../../../../../Users/Liam/Documents/Unreal Projects/ClassesTutorial/Content/StarterContent/Textures/T_Statue_M.uasset"
[2017.03.19-10.11.59:928][  0]LogPackFactory: Copied "../../../Samples/StarterContent/Content/StarterContent/Textures/T_Statue_N.uasset" to "../../../../../../Users/Liam/Documents/Unreal Projects/ClassesTutorial/Content/StarterContent/Textures/T_Statue_N.uasset"
[2017.03.19-10.11.59:961][  0]LogPackFactory: Copied "../../../Samples/StarterContent/Content/StarterContent/Textures/T_TableRound_M.uasset" to "../../../../../../Users/Liam/Documents/Unreal Projects/ClassesTutorial/Content/StarterContent/Textures/T_TableRound_M.uasset"
[2017.03.19-10.12.00:210][  0]LogPackFactory: Copied "../../../Samples/StarterContent/Content/StarterContent/Textures/T_TableRound_N.uasset" to "../../../../../../Users/Liam/Documents/Unreal Projects/ClassesTutorial/Content/StarterContent/Textures/T_TableRound_N.uasset"
[2017.03.19-10.12.00:386][  0]LogPackFactory: Copied "../../../Samples/StarterContent/Content/StarterContent/Textures/T_Tech_Dot_M.uasset" to "../../../../../../Users/Liam/Documents/Unreal Projects/ClassesTutorial/Content/StarterContent/Textures/T_Tech_Dot_M.uasset"
[2017.03.19-10.12.00:698][  0]LogPackFactory: Copied "../../../Samples/StarterContent/Content/StarterContent/Textures/T_Tech_Dot_N.uasset" to "../../../../../../Users/Liam/Documents/Unreal Projects/ClassesTutorial/Content/StarterContent/Textures/T_Tech_Dot_N.uasset"
[2017.03.19-10.12.01:267][  0]LogPackFactory: Copied "../../../Samples/StarterContent/Content/StarterContent/Textures/T_Tech_Hex_Tile_M.uasset" to "../../../../../../Users/Liam/Documents/Unreal Projects/ClassesTutorial/Content/StarterContent/Textures/T_Tech_Hex_Tile_M.uasset"
[2017.03.19-10.12.01:423][  0]LogPackFactory: Copied "../../../Samples/StarterContent/Content/StarterContent/Textures/T_Tech_Hex_Tile_N.uasset" to "../../../../../../Users/Liam/Documents/Unreal Projects/ClassesTutorial/Content/StarterContent/Textures/T_Tech_Hex_Tile_N.uasset"
[2017.03.19-10.12.01:459][  0]LogPackFactory: Copied "../../../Samples/StarterContent/Content/StarterContent/Textures/T_Tech_Panel_M.uasset" to "../../../../../../Users/Liam/Documents/Unreal Projects/ClassesTutorial/Content/StarterContent/Textures/T_Tech_Panel_M.uasset"
[2017.03.19-10.12.01:502][  0]LogPackFactory: Copied "../../../Samples/StarterContent/Content/StarterContent/Textures/T_Tech_Panel_N.uasset" to "../../../../../../Users/Liam/Documents/Unreal Projects/ClassesTutorial/Content/StarterContent/Textures/T_Tech_Panel_N.uasset"
[2017.03.19-10.12.01:642][  0]LogPackFactory: Copied "../../../Samples/StarterContent/Content/StarterContent/Textures/T_Water_M.uasset" to "../../../../../../Users/Liam/Documents/Unreal Projects/ClassesTutorial/Content/StarterContent/Textures/T_Water_M.uasset"
[2017.03.19-10.12.01:807][  0]LogPackFactory: Copied "../../../Samples/StarterContent/Content/StarterContent/Textures/T_Water_N.uasset" to "../../../../../../Users/Liam/Documents/Unreal Projects/ClassesTutorial/Content/StarterContent/Textures/T_Water_N.uasset"
[2017.03.19-10.12.01:892][  0]LogPackFactory: Copied "../../../Samples/StarterContent/Content/StarterContent/Textures/T_Wood_Floor_Walnut_D.uasset" to "../../../../../../Users/Liam/Documents/Unreal Projects/ClassesTutorial/Content/StarterContent/Textures/T_Wood_Floor_Walnut_D.uasset"
[2017.03.19-10.12.02:028][  0]LogPackFactory: Copied "../../../Samples/StarterContent/Content/StarterContent/Textures/T_Wood_Floor_Walnut_M.uasset" to "../../../../../../Users/Liam/Documents/Unreal Projects/ClassesTutorial/Content/StarterContent/Textures/T_Wood_Floor_Walnut_M.uasset"
[2017.03.19-10.12.02:086][  0]LogPackFactory: Copied "../../../Samples/StarterContent/Content/StarterContent/Textures/T_Wood_Floor_Walnut_N.uasset" to "../../../../../../Users/Liam/Documents/Unreal Projects/ClassesTutorial/Content/StarterContent/Textures/T_Wood_Floor_Walnut_N.uasset"
[2017.03.19-10.12.02:440][  0]LogPackFactory: Copied "../../../Samples/StarterContent/Content/StarterContent/Textures/T_Wood_Oak_D.uasset" to "../../../../../../Users/Liam/Documents/Unreal Projects/ClassesTutorial/Content/StarterContent/Textures/T_Wood_Oak_D.uasset"
[2017.03.19-10.12.02:522][  0]LogPackFactory: Copied "../../../Samples/StarterContent/Content/StarterContent/Textures/T_Wood_Oak_N.uasset" to "../../../../../../Users/Liam/Documents/Unreal Projects/ClassesTutorial/Content/StarterContent/Textures/T_Wood_Oak_N.uasset"
[2017.03.19-10.12.02:787][  0]LogPackFactory: Copied "../../../Samples/StarterContent/Content/StarterContent/Textures/T_Wood_Pine_D.uasset" to "../../../../../../Users/Liam/Documents/Unreal Projects/ClassesTutorial/Content/StarterContent/Textures/T_Wood_Pine_D.uasset"
[2017.03.19-10.12.03:337][  0]LogPackFactory: Copied "../../../Samples/StarterContent/Content/StarterContent/Textures/T_Wood_Pine_N.uasset" to "../../../../../../Users/Liam/Documents/Unreal Projects/ClassesTutorial/Content/StarterContent/Textures/T_Wood_Pine_N.uasset"
[2017.03.19-10.12.03:565][  0]LogPackFactory: Copied "../../../Samples/StarterContent/Content/StarterContent/Textures/T_Wood_Walnut_D.uasset" to "../../../../../../Users/Liam/Documents/Unreal Projects/ClassesTutorial/Content/StarterContent/Textures/T_Wood_Walnut_D.uasset"
[2017.03.19-10.12.03:669][  0]LogPackFactory: Copied "../../../Samples/StarterContent/Content/StarterContent/Textures/T_Wood_Walnut_N.uasset" to "../../../../../../Users/Liam/Documents/Unreal Projects/ClassesTutorial/Content/StarterContent/Textures/T_Wood_Walnut_N.uasset"
[2017.03.19-10.12.16:260][  0]LogRenderer: Reallocating scene render targets to support 256x256 NumSamples 1 (Frame:2).
[2017.03.19-10.12.24:121][  0]LogSavePackage: Save=2952.50ms
[2017.03.19-10.12.24:121][  0]LogSavePackage: Moving '../../../../../../Users/Liam/Documents/Unreal Projects/ClassesTutorial/Saved/Floor_400x400503B69A349CD006C5D3C999CA6D32900.tmp' to '../../../../../../Users/Liam/Documents/Unreal Projects/ClassesTutorial/Content/StarterContent/Architecture/Floor_400x400.uasset'
[2017.03.19-10.12.24:695][  0]LogSavePackage:Display: Finished SavePackage ../../../../../../Users/Liam/Documents/Unreal Projects/ClassesTutorial/Content/StarterContent/Architecture/Floor_400x400.uasset
[2017.03.19-10.12.24:785][  0]LogFeaturePack:Warning: Inserted 1 feature packs
[2017.03.19-10.12.25:162][  0]Cmd: MAP LOAD FILE="../../../../../../Users/Liam/Documents/Unreal Projects/ClassesTutorial/Content/FirstPersonCPP/Maps/FirstPersonExampleMap.umap" TEMPLATE=0 SHOWPROGRESS=1 FEATURELEVEL=3
[2017.03.19-10.12.25:500][  0]LightingResults: New page: Lighting Build
[2017.03.19-10.12.34:573][  0]MapCheck: New page: Map Check
[2017.03.19-10.12.34:574][  0]LightingResults: New page: Lighting Build
[2017.03.19-10.13.08:561][  0]LogAIModule: Creating AISystem for world FirstPersonExampleMap
[2017.03.19-10.13.11:128][  0]LogEditorServer: Finished looking for orphan Actors (0.000 secs)
[2017.03.19-10.13.11:496][  0]Cmd: MAP CHECKDEP NOCLEARLOG
[2017.03.19-10.13.11:669][  0]MapCheck: Info Map check complete: 0 Error(s), 0 Warning(s), took 156.246ms to complete.
[2017.03.19-10.13.11:673][  0]LogFileHelpers: Loading map 'FirstPersonExampleMap' took 46.734
[2017.03.19-10.13.25:413][  0]LogCollectionManager: Loaded 0 collections in 0.002207 seconds
[2017.03.19-10.13.27:695][  0]LogFileCache: Scanning file cache for directory 'C:/Users/Liam/Documents/Unreal Projects/ClassesTutorial/Saved/Collections/' took 0.01s
[2017.03.19-10.13.27:695][  0]LogFileCache: Scanning file cache for directory 'C:/Users/Liam/Documents/Unreal Projects/ClassesTutorial/Content/Developers/Liam/Collections/' took 0.01s
[2017.03.19-10.13.27:695][  0]LogFileCache: Scanning file cache for directory 'C:/Users/Liam/Documents/Unreal Projects/ClassesTutorial/Content/Collections/' took 0.01s
[2017.03.19-10.13.27:695][  0]LogCollectionManager: Rebuilt the GUID cache for 0 collections in 0.000008 seconds
[2017.03.19-10.13.30:419][  0]LogContentBrowser: Native class hierarchy populated in 2.6822 seconds. Added 2248 classes and 452 folders.
[2017.03.19-10.13.32:243][  0]LogStats: UGameplayTagsManager::ConstructGameplayTagTree: Construct from data asset -  0.028 s
[2017.03.19-10.13.32:334][  0]LogStats: UGameplayTagsManager::ConstructGameplayTagTree: GameplayTagTreeChangedEvent.Broadcast -  0.000 s
[2017.03.19-10.13.32:894][  0]LogContentBrowser: Native class hierarchy updated for 'WidgetCarousel' in 0.0028 seconds. Added 0 classes and 0 folders.
[2017.03.19-10.13.42:913][  0]LogContentBrowser: Native class hierarchy updated for 'AddContentDialog' in 0.0316 seconds. Added 0 classes and 0 folders.
[2017.03.19-10.13.43:535][  0]LogContentBrowser: Native class hierarchy updated for 'SceneOutliner' in 0.0027 seconds. Added 1 classes and 2 folders.
[2017.03.19-10.13.55:902][  0]LogCrashTracker: Crashtracker disabled due to settings.
[2017.03.19-10.13.58:869][  0]LogUObjectGlobals:Warning: Failed to find object 'Class None.'
[2017.03.19-10.14.00:670][  0]LogContentBrowser: Native class hierarchy updated for 'HierarchicalLODOutliner' in 0.0042 seconds. Added 1 classes and 2 folders.
[2017.03.19-10.14.00:715][  0]LogLoad: (Engine Initialization) Total time: 712.30 seconds
[2017.03.19-10.14.00:715][  0]LogLoad: (Engine Initialization) Total Blueprint compile time: 12.49 seconds
[2017.03.19-10.14.00:773][  0]LogExternalProfiler: Found external profiler: VSPerf
[2017.03.19-10.14.00:774][  0]LogExternalProfiler: Using external profiler: VSPerf
[2017.03.19-10.14.02:125][  0]LogOcInput: OculusInput pre-init called
[2017.03.19-10.14.33:772][  0]LogContentStreaming: Texture pool size now 1000 MB
[2017.03.19-10.14.35:288][  0]LogSlate: Took 0.155402 seconds to synchronously load lazily loaded font '../../../Engine/Content/Slate/Fonts/Roboto-Regular.ttf' (155K)
[2017.03.19-10.14.35:646][  0]LogSlate: Took 0.009392 seconds to synchronously load lazily loaded font '../../../Engine/Content/Slate/Fonts/Roboto-Bold.ttf' (160K)
[2017.03.19-10.14.37:384][  0]LogSlate: Took 0.240891 seconds to synchronously load lazily loaded font '../../../Engine/Content/Editor/Slate/Fonts/FontAwesome.ttf' (139K)
[2017.03.19-10.14.58:247][  0]LogRenderer: Reallocating scene render targets to support 1164x600 NumSamples 1 (Frame:3).
[2017.03.19-10.14.58:247][  0]LogSlate: Took 0.070947 seconds to synchronously load lazily loaded font '../../../Engine/Content/Slate/Fonts/Roboto-Light.ttf' (159K)
[2017.03.19-10.15.04:399][  1]LogEditorViewport: Clicking on Actor (LMB): StaticMeshActor (Floor)
[2017.03.19-10.15.23:151][ 15]LogAssetRegistry: Asset discovery search completed in 506.6901 seconds
[2017.03.19-10.15.23:400][ 15]LogCollectionManager: Rebuilt the object cache for 0 collections in 0.000006 seconds (found 0 objects)
[2017.03.19-10.15.23:400][ 15]LogCollectionManager: Fixed up redirectors for 0 collections in 0.158223 seconds (updated 0 objects)
[2017.03.19-10.23.19:785][760]LogWindowsTextInputMethodSystem:Display: IME system now deactivated.
[2017.03.19-10.23.46:700][761]Cmd: QUIT_EDITOR
