Log file open, 03/19/17 03:32:59
LogInit:Display: Running engine for game: ClassesTutorial
LogPlatformFile: Not using cached read wrapper
LogInit:Display: RandInit(1736017591) SRandInit(1736017591).
LogTaskGraph: Started task graph with 5 named threads and 8 total threads with 1 sets of task threads.
LogStats: Stats thread started at 0.096152
LogInit: Using libcurl 7.47.1
LogInit:  - built for x86_64-pc-win32
LogInit:  - supports SSL with OpenSSL/1.0.2g
LogInit:  - supports HTTP deflate (compression) using libz 1.2.8
LogInit:  - other features:
LogInit:      CURL_VERSION_SSL
LogInit:      CURL_VERSION_LIBZ
LogInit:      CURL_VERSION_IPV6
LogInit:      CURL_VERSION_ASYNCHDNS
LogInit:      CURL_VERSION_LARGEFILE
LogInit:      CURL_VERSION_IDN
LogInit:  CurlRequestOptions (configurable via config and command line):
LogInit:  - bVerifyPeer = false  - Libcurl will NOT verify peer certificate
LogInit:  - bUseHttpProxy = false  - Libcurl will NOT use HTTP proxy
LogInit:  - bDontReuseConnections = false  - Libcurl will reuse connections
LogInit:  - CertBundlePath = nullptr  - Libcurl will use whatever was configured at build time.
LogInit: Build: ++UE4+Release-4.15-CL-3299760
LogInit: Engine Version: 4.15.0-3299760+++UE4+Release-4.15
LogInit: Compatible Engine Version: 4.15.0-3299760+++UE4+Release-4.15
LogInit: Net CL: 3299760
LogDevObjectVersion: Number of dev versions registered: 14
LogDevObjectVersion:   Dev-Blueprints (B0D832E4-1F89-4F0D-ACCF-7EB736FD4AA2): 8
LogDevObjectVersion:   Dev-Build (E1C64328-A22C-4D53-A36C-8E866417BD8C): 0
LogDevObjectVersion:   Dev-Core (375EC13C-06E4-48FB-B500-84F0262A717E): 2
LogDevObjectVersion:   Dev-Editor (E4B068ED-F494-42E9-A231-DA0B2E46BB41): 14
LogDevObjectVersion:   Dev-Framework (CFFC743F-43B0-4480-9391-14DF171D2073): 22
LogDevObjectVersion:   Dev-Mobile (B02B49B5-BB20-44E9-A304-32B752E40360): 0
LogDevObjectVersion:   Dev-Networking (A4E4105C-59A1-49B5-A7C5-40C4547EDFEE): 0
LogDevObjectVersion:   Dev-Online (39C831C9-5AE6-47DC-9A44-9C173E1C8E7C): 0
LogDevObjectVersion:   Dev-Physics (78F01B33-EBEA-4F98-B9B4-84EACCB95AA2): 0
LogDevObjectVersion:   Dev-Platform (6631380F-2D4D-43E0-8009-CF276956A95A): 0
LogDevObjectVersion:   Dev-Rendering (12F88B9F-8875-4AFC-A67C-D90C383ABD29): 12
LogDevObjectVersion:   Dev-Sequencer (7B5AE74C-D270-4C10-A958-57980B212A5A): 3
LogDevObjectVersion:   Dev-VR (D7296918-1DD6-4BDD-9DE2-64A83CC13884): 0
LogDevObjectVersion:   Dev-LoadTimes (C2A15278-BFE7-4AFE-6C17-90FF531DF755): 1
LogInit: Compiled (64-bit): Feb 14 2017 02:04:14
LogInit: Compiled with Visual C++: 19.00.23026.00
LogInit: Build Configuration: Development
LogInit: Branch Name: ++UE4+Release-4.15
LogInit: Command line: -EpicPortal 
LogInit: Base directory: C:/Program Files/Epic Games/UE_4.15/Engine/Binaries/Win64/
LogInit: Installed Engine Build: 1
LogInit: Presizing for max 8388607 objects, including 0 objects not considered by GC, pre-allocating 0 bytes for permanent pool.
LogInit: Object subsystem initialized
[2017.03.19-10.33.01:068][  0]LogInit: Selected Device Profile: [Windows]
[2017.03.19-10.33.01:068][  0]LogInit: Applying CVar settings loaded from the selected device profile: [Windows]
[2017.03.19-10.33.01:133][  0]LogInit: Computer: ULTIMATESKIBUM
[2017.03.19-10.33.01:133][  0]LogInit: User: Liam
[2017.03.19-10.33.01:133][  0]LogInit: CPU Page size=65536, Cores=4
[2017.03.19-10.33.01:133][  0]LogInit: High frequency timer resolution =3.906393 MHz
[2017.03.19-10.33.01:133][  0]LogMemory: Memory total: Physical=7.9GB (8GB approx)
[2017.03.19-10.33.01:133][  0]LogMemory: Platform Memory Stats for Windows
[2017.03.19-10.33.01:133][  0]LogMemory: Process Physical Memory: 263.04 MB used, 263.04 MB peak
[2017.03.19-10.33.01:133][  0]LogMemory: Process Virtual Memory: 262.42 MB used, 262.42 MB peak
[2017.03.19-10.33.01:133][  0]LogMemory: Physical Memory: 4393.53 MB used,  3745.47 MB free, 8139.00 MB total
[2017.03.19-10.33.01:133][  0]LogMemory: Virtual Memory: 644.48 MB used,  3745.47 MB free, 134217728.00 MB total
[2017.03.19-10.33.01:292][  0]LogTextLocalizationManager: No specific translations for ('en-US') exist, so ('en') translations will be used.
[2017.03.19-10.33.02:126][  0]LogD3D11RHI: D3D11 adapters:
[2017.03.19-10.33.02:685][  0]LogD3D11RHI:    0. 'NVIDIA GeForce GTX 770' (Feature Level 11_0)
[2017.03.19-10.33.02:685][  0]LogD3D11RHI:       4063/0/4069 MB DedicatedVideo/DedicatedSystem/SharedSystem, Outputs:1, VendorId:0x10de
[2017.03.19-10.33.02:687][  0]LogD3D11RHI:    1. 'Microsoft Basic Render Driver' (Feature Level 11_0)
[2017.03.19-10.33.02:687][  0]LogD3D11RHI:       0/0/4069 MB DedicatedVideo/DedicatedSystem/SharedSystem, Outputs:0, VendorId:0x1414
[2017.03.19-10.33.02:687][  0]LogD3D11RHI: Chosen D3D11 Adapter: 0
[2017.03.19-10.33.02:695][  0]LogD3D11RHI: Creating new Direct3DDevice
[2017.03.19-10.33.02:695][  0]LogD3D11RHI:     GPU DeviceId: 0x1184 (for the marketing name, search the web for "GPU Device Id")
[2017.03.19-10.33.02:695][  0]LogWindows: EnumDisplayDevices:
[2017.03.19-10.33.02:696][  0]LogWindows:    0. 'NVIDIA GeForce GTX 770' (P:1 D:1)
[2017.03.19-10.33.02:696][  0]LogWindows:    1. 'NVIDIA GeForce GTX 770' (P:0 D:0)
[2017.03.19-10.33.02:696][  0]LogWindows:    2. 'NVIDIA GeForce GTX 770' (P:0 D:0)
[2017.03.19-10.33.02:696][  0]LogWindows:    3. 'NVIDIA GeForce GTX 770' (P:0 D:0)
[2017.03.19-10.33.02:696][  0]LogWindows: DebugString: FoundDriverCount:4 
[2017.03.19-10.33.02:696][  0]LogD3D11RHI:     Adapter Name: NVIDIA GeForce GTX 770
[2017.03.19-10.33.02:696][  0]LogD3D11RHI:   Driver Version: 378.78 (internal:21.21.13.7878, unified:378.78)
[2017.03.19-10.33.02:696][  0]LogD3D11RHI:      Driver Date: 2-23-2017
[2017.03.19-10.33.02:696][  0]LogRHI: Texture pool is 1361 MB (70% of 1945 MB)
[2017.03.19-10.33.03:184][  0]LogD3D11RHI:Warning: Timestamp queries are currently disabled on this hardware due to instability. Realtime GPU stats will not be available. You can override this behaviour by setting r.NVIDIATimestampWorkaround to 0
[2017.03.19-10.33.03:185][  0]LogD3D11RHI: Async texture creation enabled
[2017.03.19-10.33.03:228][  0]LogD3D11RHI: GPU Timing Frequency: 1000.000000 (Debug: 2 2)
[2017.03.19-10.33.03:278][  0]LogShaderCompilers: Guid format shader working directory is -26 characters bigger than the processId version (../../../../../../Users/Liam/Documents/Unreal Projects/ClassesTutorial/Intermediate/Shaders/WorkingDirectory/10296/).
[2017.03.19-10.33.03:278][  0]LogShaderCompilers: Cleaned the shader compiler working directory 'C:/Users/Liam/AppData/Local/Temp/UnrealShaderWorkingDir/F010AF2D4CCCF2708DF5B6B43AF636B8/'.
[2017.03.19-10.33.03:278][  0]LogShaderCompilers:Display: Using Local Shader Compiler.
[2017.03.19-10.33.04:903][  0]LogTemp:Display: Loaded TP AllDesktopTargetPlatform
[2017.03.19-10.33.04:996][  0]LogTemp:Display: Loaded TP MacClientTargetPlatform
[2017.03.19-10.33.05:089][  0]LogTemp:Display: Loaded TP MacNoEditorTargetPlatform
[2017.03.19-10.33.05:183][  0]LogTemp:Display: Loaded TP MacServerTargetPlatform
[2017.03.19-10.33.05:274][  0]LogTemp:Display: Loaded TP MacTargetPlatform
[2017.03.19-10.33.05:369][  0]LogTemp:Display: Loaded TP WindowsClientTargetPlatform
[2017.03.19-10.33.05:459][  0]LogTemp:Display: Loaded TP WindowsNoEditorTargetPlatform
[2017.03.19-10.33.05:550][  0]LogTemp:Display: Loaded TP WindowsServerTargetPlatform
[2017.03.19-10.33.05:624][  0]LogTemp:Display: Loaded TP WindowsTargetPlatform
[2017.03.19-10.33.05:731][  0]LogTemp:Display: Loaded TP AndroidTargetPlatform
[2017.03.19-10.33.05:819][  0]LogTemp:Display: Loaded TP Android_ASTCTargetPlatform
[2017.03.19-10.33.05:908][  0]LogTemp:Display: Loaded TP Android_ATCTargetPlatform
[2017.03.19-10.33.05:997][  0]LogTemp:Display: Loaded TP Android_DXTTargetPlatform
[2017.03.19-10.33.06:084][  0]LogTemp:Display: Loaded TP Android_ETC1TargetPlatform
[2017.03.19-10.33.06:174][  0]LogTemp:Display: Loaded TP Android_ETC2TargetPlatform
[2017.03.19-10.33.06:351][  0]LogTemp:Display: Loaded TP Android_MultiTargetPlatform
[2017.03.19-10.33.06:351][  0]LogTemp:Display: Loaded TP Android_PVRTCTargetPlatform
[2017.03.19-10.33.06:414][  0]LogTemp:Display: Loaded TP HTML5TargetPlatform
[2017.03.19-10.33.06:563][  0]LogTemp:Display: Loaded TP IOSTargetPlatform
[2017.03.19-10.33.06:621][  0]LogTemp:Display: Loaded TP TVOSTargetPlatform
[2017.03.19-10.33.06:706][  0]LogTemp:Display: Loaded TP LinuxClientTargetPlatform
[2017.03.19-10.33.06:791][  0]LogTemp:Display: Loaded TP LinuxNoEditorTargetPlatform
[2017.03.19-10.33.06:875][  0]LogTemp:Display: Loaded TP LinuxServerTargetPlatform
[2017.03.19-10.33.06:960][  0]LogTemp:Display: Loaded TP LinuxTargetPlatform
[2017.03.19-10.33.06:960][  0]LogTargetPlatformManager:Display: Building Assets For Windows
[2017.03.19-10.33.07:713][  0]LogDerivedDataCache:Display: Max Cache Size: 512 MB
[2017.03.19-10.33.07:819][  0]LogDerivedDataCache: Loaded boot cache 0.11s 51MB C:/Users/Liam/AppData/Local/UnrealEngine/4.15/DerivedDataCache/Boot.ddc.
[2017.03.19-10.33.07:819][  0]LogDerivedDataCache:Display: Loaded Boot cache: C:/Users/Liam/AppData/Local/UnrealEngine/4.15/DerivedDataCache/Boot.ddc
[2017.03.19-10.33.07:819][  0]LogDerivedDataCache: FDerivedDataBackendGraph:  Pak pak cache file ../../../../../../Users/Liam/Documents/Unreal Projects/ClassesTutorial/DerivedDataCache/DDC.ddp not found, will not use a pak cache.
[2017.03.19-10.33.07:819][  0]LogDerivedDataCache: Unable to find inner node Pak for hierarchical cache Hierarchy.
[2017.03.19-10.33.07:819][  0]LogDerivedDataCache: FDerivedDataBackendGraph:  CompressedPak pak cache file ../../../../../../Users/Liam/Documents/Unreal Projects/ClassesTutorial/DerivedDataCache/Compressed.ddp not found, will not use a pak cache.
[2017.03.19-10.33.07:819][  0]LogDerivedDataCache: Unable to find inner node CompressedPak for hierarchical cache Hierarchy.
[2017.03.19-10.33.07:848][  0]LogDerivedDataCache:Display: Pak cache opened for reading ../../../Engine/DerivedDataCache/Compressed.ddp.
[2017.03.19-10.33.07:860][  0]LogDerivedDataCache: Using Local data cache path C:/Users/Liam/AppData/Local/UnrealEngine/Common/DerivedDataCache: Writable
[2017.03.19-10.33.07:873][  0]LogSlate: Using Freetype 2.6.0
[2017.03.19-10.33.07:874][  0]LogSlate: SlateFontCache - WITH_FREETYPE: 1, WITH_HARFBUZZ: 1
[2017.03.19-10.33.07:874][  0]LogSlate: SlateFontCache - WITH_FREETYPE: 1, WITH_HARFBUZZ: 1
[2017.03.19-10.33.08:222][  0]LogInit: Selected Device Profile: [Windows]
[2017.03.19-10.33.08:226][  0]LogContentStreaming: Texture pool size is 0.00 MB
[2017.03.19-10.33.08:525][  0]LogMeshUtilities: Using QuadricMeshReduction for automatic static mesh reduction
[2017.03.19-10.33.08:595][  0]LogSimplygon: Simplygon DLL not present - disabling.
[2017.03.19-10.33.08:671][  0]LogMeshUtilities: Using SimplygonSwarm for distributed automatic mesh merging
[2017.03.19-10.33.08:671][  0]LogMeshUtilities: No automatic skeletal mesh reduction module available
[2017.03.19-10.33.08:671][  0]LogMeshUtilities: No automatic mesh merging module available
[2017.03.19-10.33.09:430][  0]LogNetVersion: GetLocalNetworkVersion: CL: 3299760, ProjectName: classestutorial, ProjectVersion: , EngineNetworkVersion: 2, GameNetworkVersion: 0, NetworkChecksum: 2363648096
[2017.03.19-10.33.09:493][  0]LogAssetRegistry: FAssetRegistry took 0.0217 seconds to start up
[2017.03.19-10.33.09:664][  0]LogPackageLocalizationCache: Processed 3 localized package path(s) for 2 prioritized culture(s) in 0.128545 seconds
[2017.03.19-10.33.09:672][  0]LogUObjectArray: 32475 objects as part of root set at end of initial load.
[2017.03.19-10.33.09:672][  0]LogUObjectAllocator: 7073360 out of 0 bytes used by permanent object pool.
[2017.03.19-10.33.09:672][  0]LogUObjectArray: CloseDisregardForGC: 0/0 objects in disregard for GC pool
[2017.03.19-10.33.09:781][  0]LogInit: WinSock: version 1.1 (2.2), MaxSocks=32767, MaxUdp=65467
[2017.03.19-10.33.12:192][  0]LogTcpMessaging: Initializing TcpMessaging bridge
[2017.03.19-10.33.12:252][  0]LogUdpMessaging: Initializing bridge on interface 0.0.0.0:0 to multicast group 230.0.0.1:6666.
[2017.03.19-10.33.17:492][  0]LogMaterial: Uniform references updated for custom material expression Custom.
[2017.03.19-10.33.18:096][  0]SourceControl: Info Source control is disabled
[2017.03.19-10.33.18:097][  0]SourceControl: Info Source control is disabled
[2017.03.19-10.33.18:174][  0]SourceControl: Info Source control is disabled
[2017.03.19-10.33.18:260][  0]SourceControl: Info Source control is disabled
[2017.03.19-10.33.20:445][  0]LogEngine: Initializing Engine...
[2017.03.19-10.33.20:445][  0]LogHMD: Failed to initialize OpenVR with code 110
[2017.03.19-10.33.20:819][  0]LogAIModule: Creating AISystem for world Untitled
[2017.03.19-10.33.20:849][  0]LogInit: XAudio2 using 'Headset Earphone (2- Logitech G933 Gaming Headset)' : 2 channels at 44.1 kHz using 16 bits per sample (channel mask 0x3)
[2017.03.19-10.33.20:882][  0]LogInit: FAudioDevice initialized.
[2017.03.19-10.33.20:935][  0]LogDerivedDataCache: Saved boot cache 0.05s 51MB C:/Users/Liam/AppData/Local/UnrealEngine/4.15/DerivedDataCache/Boot.ddc.
[2017.03.19-10.33.20:958][  0]LogInit: Texture streaming: Enabled
[2017.03.19-10.33.21:125][  0]LogEngineSessionManager: EngineSessionManager initialized
[2017.03.19-10.33.21:280][  0]LogInit: Transaction tracking system initialized
[2017.03.19-10.33.21:882][  0]BlueprintLog: New page: Editor Load
[2017.03.19-10.33.23:447][  0]LocalizationService: Info Localization service is disabled
[2017.03.19-10.33.24:589][  0]LogConsoleResponse:Display: 
[2017.03.19-10.33.24:817][  0]LogCook:Display: Max memory allowance for cook 16384mb min free memory 0mb
[2017.03.19-10.33.24:818][  0]LogCook:Display: Mobile HDR setting 1
[2017.03.19-10.33.25:643][  0]LogFileCache: Scanning file cache for directory 'C:/Users/Liam/Documents/Unreal Projects/ClassesTutorial/Content/' took 0.03s
[2017.03.19-10.33.26:824][  0]SourceControl: Info Source control is disabled
[2017.03.19-10.33.26:824][  0]Cmd: MAP LOAD FILE="../../../../../../Users/Liam/Documents/Unreal Projects/ClassesTutorial/Content/FirstPersonCPP/Maps/FirstPersonExampleMap.umap" TEMPLATE=0 SHOWPROGRESS=1 FEATURELEVEL=3
[2017.03.19-10.33.26:935][  0]LightingResults: New page: Lighting Build
[2017.03.19-10.33.27:031][  0]MapCheck: New page: Map Check
[2017.03.19-10.33.27:031][  0]LightingResults: New page: Lighting Build
[2017.03.19-10.33.31:190][  0]LogAIModule: Creating AISystem for world FirstPersonExampleMap
[2017.03.19-10.33.31:808][  0]LogEditorServer: Finished looking for orphan Actors (0.000 secs)
[2017.03.19-10.33.31:818][  0]Cmd: MAP CHECKDEP NOCLEARLOG
[2017.03.19-10.33.31:915][  0]MapCheck: Info Map check complete: 0 Error(s), 0 Warning(s), took 96.906ms to complete.
[2017.03.19-10.33.31:915][  0]LogFileHelpers: Loading map 'FirstPersonExampleMap' took 5.091
[2017.03.19-10.33.32:026][  0]LogWindowsTextInputMethodSystem:Display: IME system now deactivated.
[2017.03.19-10.33.33:119][  0]LogCollectionManager: Loaded 0 collections in 0.002764 seconds
[2017.03.19-10.33.33:480][  0]LogFileCache: Scanning file cache for directory 'C:/Users/Liam/Documents/Unreal Projects/ClassesTutorial/Saved/Collections/' took 0.01s
[2017.03.19-10.33.33:480][  0]LogFileCache: Scanning file cache for directory 'C:/Users/Liam/Documents/Unreal Projects/ClassesTutorial/Content/Developers/Liam/Collections/' took 0.01s
[2017.03.19-10.33.33:480][  0]LogFileCache: Scanning file cache for directory 'C:/Users/Liam/Documents/Unreal Projects/ClassesTutorial/Content/Collections/' took 0.01s
[2017.03.19-10.33.33:480][  0]LogCollectionManager: Rebuilt the GUID cache for 0 collections in 0.000002 seconds
[2017.03.19-10.33.33:617][  0]LogContentBrowser: Native class hierarchy populated in 0.0426 seconds. Added 2248 classes and 452 folders.
[2017.03.19-10.33.33:630][  0]LogStats: UGameplayTagsManager::ConstructGameplayTagTree: Construct from data asset -  0.000 s
[2017.03.19-10.33.33:636][  0]LogStats: UGameplayTagsManager::ConstructGameplayTagTree: GameplayTagTreeChangedEvent.Broadcast -  0.000 s
[2017.03.19-10.33.33:804][  0]LogContentBrowser: Native class hierarchy updated for 'WidgetCarousel' in 0.0030 seconds. Added 0 classes and 0 folders.
[2017.03.19-10.33.35:988][  0]LogContentBrowser: Native class hierarchy updated for 'AddContentDialog' in 0.0026 seconds. Added 0 classes and 0 folders.
[2017.03.19-10.33.36:123][  0]LogContentBrowser: Native class hierarchy updated for 'SceneOutliner' in 0.0024 seconds. Added 1 classes and 2 folders.
[2017.03.19-10.33.36:466][  0]LogCrashTracker: Crashtracker disabled due to settings.
[2017.03.19-10.33.36:545][  0]LogUObjectGlobals:Warning: Failed to find object 'Class None.'
[2017.03.19-10.33.36:661][  0]LogContentBrowser: Native class hierarchy updated for 'HierarchicalLODOutliner' in 0.0039 seconds. Added 1 classes and 2 folders.
[2017.03.19-10.33.36:662][  0]LogLoad: (Engine Initialization) Total time: 39.38 seconds
[2017.03.19-10.33.36:662][  0]LogLoad: (Engine Initialization) Total Blueprint compile time: 0.39 seconds
[2017.03.19-10.33.36:662][  0]LogExternalProfiler: Found external profiler: VSPerf
[2017.03.19-10.33.36:662][  0]LogExternalProfiler: Using external profiler: VSPerf
[2017.03.19-10.33.36:671][  0]LogOcInput: OculusInput pre-init called
[2017.03.19-10.33.36:736][  0]LogContentStreaming: Texture pool size now 1000 MB
[2017.03.19-10.33.36:738][  0]LogSlate: Took 0.000299 seconds to synchronously load lazily loaded font '../../../Engine/Content/Slate/Fonts/Roboto-Regular.ttf' (155K)
[2017.03.19-10.33.36:744][  0]LogSlate: Took 0.000373 seconds to synchronously load lazily loaded font '../../../Engine/Content/Slate/Fonts/Roboto-Bold.ttf' (160K)
[2017.03.19-10.33.36:785][  0]LogSlate: Took 0.018884 seconds to synchronously load lazily loaded font '../../../Engine/Content/Editor/Slate/Fonts/FontAwesome.ttf' (139K)
[2017.03.19-10.33.37:526][  0]LogRenderer: Reallocating scene render targets to support 1164x600 NumSamples 1 (Frame:2).
[2017.03.19-10.33.37:878][  1]LogSlate: Took 0.015772 seconds to synchronously load lazily loaded font '../../../Engine/Content/Slate/Fonts/Roboto-Light.ttf' (159K)
[2017.03.19-10.33.38:000][  3]LogAssetRegistry: Asset discovery search completed in 28.5282 seconds
[2017.03.19-10.33.38:000][  3]LogCollectionManager: Rebuilt the object cache for 0 collections in 0.000011 seconds (found 0 objects)
[2017.03.19-10.33.38:000][  3]LogCollectionManager: Fixed up redirectors for 0 collections in 0.000028 seconds (updated 0 objects)
[2017.03.19-10.35.56:541][846]LogSlate: Took 0.036016 seconds to synchronously load lazily loaded font '../../../Engine/Content/Slate/Fonts/Roboto-Light.ttf' (159K)
[2017.03.19-10.35.56:620][846]LogSlate: Took 0.009793 seconds to synchronously load lazily loaded font '../../../Engine/Content/Editor/Slate/Fonts/Roboto-BoldCondensed.ttf' (158K)
[2017.03.19-10.38.24:107][ 38]Running C:/Program Files/Epic Games/UE_4.15/Engine/Binaries/DotNET/UnrealBuildTool.exe  -projectfiles -project="C:/Users/Liam/Documents/Unreal Projects/ClassesTutorial/ClassesTutorial.uproject" -game -rocket -progress
[2017.03.19-10.38.24:942][ 38]Discovering modules, targets and source code for project...
[2017.03.19-10.38.33:129][ 38]LogSlate: Took 0.006854 seconds to synchronously load lazily loaded font '../../../Engine/Content/Slate/Fonts/Roboto-Regular.ttf' (155K)
[2017.03.19-10.38.37:097][ 38]LogVSAccessor:Warning: Couldn't access Visual Studio
[2017.03.19-10.38.37:126][ 38]Recompiling ClassesTutorial...
[2017.03.19-10.38.37:126][ 38]Launching UnrealBuildTool... [C:/Program Files/Epic Games/UE_4.15/Engine/Binaries/DotNET/UnrealBuildTool.exe ClassesTutorial -ModuleWithSuffix ClassesTutorial 5954 Win64 Development -editorrecompile -canskiplink "C:/Users/Liam/Documents/Unreal Projects/ClassesTutorial/ClassesTutorial.uproject" ]
[2017.03.19-10.40.12:104][ 38]CompilerResultsLog: New page: Compilation - Mar 18, 2017, 8:40:12 PM
[2017.03.19-10.40.12:104][ 38]CompilerResultsLog: Info Performing full C++ include scan (hot reloading a new target)
[2017.03.19-10.40.12:104][ 38]CompilerResultsLog: Info Creating makefile for hot reloading ClassesTutorial (no existing makefile)
[2017.03.19-10.40.12:104][ 38]CompilerResultsLog: Info Compiling game modules for hot reload
[2017.03.19-10.40.12:105][ 38]CompilerResultsLog: Info Parsing headers for ClassesTutorialEditor
[2017.03.19-10.40.12:105][ 38]CompilerResultsLog: Info   Running UnrealHeaderTool "C:\Users\Liam\Documents\Unreal Projects\ClassesTutorial\ClassesTutorial.uproject" "C:\Users\Liam\Documents\Unreal Projects\ClassesTutorial\Intermediate\Build\Win64\ClassesTutorialEditor\Development\ClassesTutorialEditor.uhtmanifest" -LogCmds="loginit warning, logexit warning, logdatabase error" -Unattended -WarningsAsErrors -installed
[2017.03.19-10.40.12:105][ 38]CompilerResultsLog: Info Reflection code generated for ClassesTutorialEditor in 6.095443 seconds
[2017.03.19-10.40.12:105][ 38]CompilerResultsLog: Info Performing 4 actions (4 in parallel)
[2017.03.19-10.40.12:105][ 38]CompilerResultsLog: Info TestPickup.cpp
[2017.03.19-10.40.12:105][ 38]CompilerResultsLog: Info ClassesTutorial.generated.cpp
[2017.03.19-10.40.12:105][ 38]CompilerResultsLog: Info [3/4] Link UE4Editor-ClassesTutorial-5954.dll
[2017.03.19-10.40.12:105][ 38]CompilerResultsLog: Info [4/4] Link UE4Editor-ClassesTutorial-5954.lib
[2017.03.19-10.40.12:105][ 38]CompilerResultsLog: Info    Creating library C:\Users\Liam\Documents\Unreal Projects\ClassesTutorial\Intermediate\Build\Win64\UE4Editor\Development\UE4Editor-ClassesTutorial-5954.lib and object C:\Users\Liam\Documents\Unreal Projects\ClassesTutorial\Intermediate\Build\Win64\UE4Editor\Development\UE4Editor-ClassesTutorial-5954.exp
[2017.03.19-10.40.12:105][ 38]CompilerResultsLog: Info    Creating library C:\Users\Liam\Documents\Unreal Projects\ClassesTutorial\Intermediate\Build\Win64\UE4Editor\Development\UE4Editor-ClassesTutorial-5954.suppressed.lib and object C:\Users\Liam\Documents\Unreal Projects\ClassesTutorial\Intermediate\Build\Win64\UE4Editor\Development\UE4Editor-ClassesTutorial-5954.suppressed.exp
[2017.03.19-10.40.12:105][ 38]CompilerResultsLog: Info Total build time: 94.59 seconds (Local executor: 57.25 seconds)
[2017.03.19-10.40.12:105][ 38]LogMainFrame: MainFrame: Module compiling took 95.007 seconds
[2017.03.19-10.40.17:447][ 38]LogClass: Could not find existing class TestPickup in package /Script/ClassesTutorial for HotReload, assuming new class
[2017.03.19-10.40.17:457][ 38]LogContentBrowser: Native class hierarchy updated for 'ClassesTutorial' in 0.0033 seconds. Added 5 classes and 2 folders.
[2017.03.19-10.40.17:460][ 38]Display: HotReload successful (1 functions remapped  0 scriptstructs remapped)
[2017.03.19-10.40.17:546][ 38]LogContentBrowser: Native class hierarchy populated in 0.0199 seconds. Added 2251 classes and 456 folders.
[2017.03.19-10.40.17:597][ 38]Display: HotReload took 100.5s.
[2017.03.19-10.40.17:601][ 38]Warning: HotReload operation took 100.5s.
[2017.03.19-10.40.18:271][ 39]LogHotReload: New module detected: UE4Editor-ClassesTutorial-5954.dll
[2017.03.19-10.40.18:298][ 40]LogHotReload: Starting Hot-Reload from IDE
[2017.03.19-10.40.18:433][ 40]LogContentBrowser: Native class hierarchy updated for 'ClassesTutorial' in 0.0024 seconds. Added 5 classes and 2 folders.
[2017.03.19-10.40.18:435][ 40]Display: HotReload successful (0 functions remapped  0 scriptstructs remapped)
[2017.03.19-10.40.18:461][ 40]LogContentBrowser: Native class hierarchy populated in 0.0228 seconds. Added 2251 classes and 456 folders.
[2017.03.19-10.40.18:469][ 40]Display: HotReload took  0.2s.
[2017.03.19-10.41.05:073][494]LogVSAccessor:Warning: Couldn't goto line number '0' in 'C:/Users/Liam/Documents/Unreal Projects/ClassesTutorial/Source/ClassesTutorial/TestPickup.h'
[2017.03.19-10.41.05:191][494]LogVSAccessor:Warning: Couldn't goto line number '0' in 'C:/Users/Liam/Documents/Unreal Projects/ClassesTutorial/Source/ClassesTutorial/TestPickup.cpp'
[2017.03.19-10.45.56:180][447]Recompiling ClassesTutorial...
[2017.03.19-10.45.56:181][447]Launching UnrealBuildTool... [C:/Program Files/Epic Games/UE_4.15/Engine/Binaries/DotNET/UnrealBuildTool.exe ClassesTutorial -ModuleWithSuffix ClassesTutorial 7012 Win64 Development -editorrecompile -canskiplink "C:/Users/Liam/Documents/Unreal Projects/ClassesTutorial/ClassesTutorial.uproject" ]
[2017.03.19-10.45.56:185][447]Warning: Starting HotReload took  0.2s.
[2017.03.19-10.46.18:478][370]CompilerResultsLog: New page: Compilation - Mar 18, 2017, 8:46:18 PM
[2017.03.19-10.46.18:478][370]CompilerResultsLog: Info Compiling game modules for hot reload
[2017.03.19-10.46.18:478][370]CompilerResultsLog: Info Parsing headers for ClassesTutorialEditor
[2017.03.19-10.46.18:478][370]CompilerResultsLog: Info   Running UnrealHeaderTool "C:\Users\Liam\Documents\Unreal Projects\ClassesTutorial\ClassesTutorial.uproject" "C:\Users\Liam\Documents\Unreal Projects\ClassesTutorial\Intermediate\Build\Win64\ClassesTutorialEditor\Development\ClassesTutorialEditor.uhtmanifest" -LogCmds="loginit warning, logexit warning, logdatabase error" -Unattended -WarningsAsErrors -installed
[2017.03.19-10.46.18:478][370]CompilerResultsLog: Info Reflection code generated for ClassesTutorialEditor in 16.5361037 seconds
[2017.03.19-10.46.18:478][370]CompilerResultsLog: Info Performing 4 actions (4 in parallel)
[2017.03.19-10.46.18:478][370]CompilerResultsLog: Info TestPickup.cpp
[2017.03.19-10.46.18:478][370]CompilerResultsLog: Info ClassesTutorial.generated.cpp
[2017.03.19-10.46.18:478][370]CompilerResultsLog: Info [3/4] Link UE4Editor-ClassesTutorial-7012.dll
[2017.03.19-10.46.18:478][370]CompilerResultsLog: Info [4/4] Link UE4Editor-ClassesTutorial-7012.lib
[2017.03.19-10.46.18:478][370]CompilerResultsLog: Info    Creating library C:\Users\Liam\Documents\Unreal Projects\ClassesTutorial\Intermediate\Build\Win64\UE4Editor\Development\UE4Editor-ClassesTutorial-7012.lib and object C:\Users\Liam\Documents\Unreal Projects\ClassesTutorial\Intermediate\Build\Win64\UE4Editor\Development\UE4Editor-ClassesTutorial-7012.exp
[2017.03.19-10.46.18:478][370]CompilerResultsLog: Info    Creating library C:\Users\Liam\Documents\Unreal Projects\ClassesTutorial\Intermediate\Build\Win64\UE4Editor\Development\UE4Editor-ClassesTutorial-7012.suppressed.lib and object C:\Users\Liam\Documents\Unreal Projects\ClassesTutorial\Intermediate\Build\Win64\UE4Editor\Development\UE4Editor-ClassesTutorial-7012.suppressed.exp
[2017.03.19-10.46.18:478][370]CompilerResultsLog: Info Total build time: 21.62 seconds (Local executor: 3.61 seconds)
[2017.03.19-10.46.18:478][370]LogMainFrame: MainFrame: Module compiling took 22.305 seconds
[2017.03.19-10.46.18:607][370]LogClass: Could not find existing class TestPickup in package /Script/ClassesTutorial for HotReload, assuming new class
[2017.03.19-10.46.18:626][370]LogHotReload: Re-instancing TestPickup after hot-reload.
[2017.03.19-10.46.18:704][370]LogContentBrowser: Native class hierarchy updated for 'ClassesTutorial' in 0.0025 seconds. Added 5 classes and 2 folders.
[2017.03.19-10.46.18:706][370]Display: HotReload successful (1 functions remapped  0 scriptstructs remapped)
[2017.03.19-10.46.18:746][370]LogContentBrowser: Native class hierarchy populated in 0.0153 seconds. Added 2251 classes and 456 folders.
[2017.03.19-10.46.18:746][370]Display: HotReload took 22.7s.
[2017.03.19-10.46.22:044][646]LogSavePackage: Save=350.91ms
[2017.03.19-10.46.22:044][646]LogSavePackage: Moving '../../../../../../Users/Liam/Documents/Unreal Projects/ClassesTutorial/Saved/FirstPersonExampleMap6E8E410C46A4DC2591B7A7BAEDCF8BFD.tmp' to '../../../../../../Users/Liam/Documents/Unreal Projects/ClassesTutorial/Content/FirstPersonCPP/Maps/FirstPersonExampleMap.umap'
[2017.03.19-10.46.22:047][646]LogSavePackage:Display: Finished SavePackage ../../../../../../Users/Liam/Documents/Unreal Projects/ClassesTutorial/Content/FirstPersonCPP/Maps/FirstPersonExampleMap.umap
[2017.03.19-10.46.23:839][646]LogSavePackage: Save=1609.15ms
[2017.03.19-10.46.23:839][646]LogSavePackage: Moving '../../../../../../Users/Liam/Documents/Unreal Projects/ClassesTutorial/Saved/FirstPersonExampleMap_BuiltData399D8CAD4199452B0B160D99B78EAEDD.tmp' to '../../../../../../Users/Liam/Documents/Unreal Projects/ClassesTutorial/Content/FirstPersonCPP/Maps/FirstPersonExampleMap_BuiltData.uasset'
[2017.03.19-10.46.23:843][646]LogSavePackage:Display: Finished SavePackage ../../../../../../Users/Liam/Documents/Unreal Projects/ClassesTutorial/Content/FirstPersonCPP/Maps/FirstPersonExampleMap_BuiltData.uasset
[2017.03.19-10.47.06:166][693]LogEditor: Attempting to add actor of class 'TestPickup' to level at -100.00,130.00,170.00
[2017.03.19-10.47.06:185][693]LogActor:Warning: TestPickup /Game/FirstPersonCPP/Maps/FirstPersonExampleMap.FirstPersonExampleMap:PersistentLevel.TestPickup_0 has natively added scene component(s), but none of them were set as the actor's RootComponent - picking one arbitrarily
[2017.03.19-10.47.13:728][409]LogEditor: Attempting to add actor of class 'TestPickup' to level at 180.00,30.00,170.00
[2017.03.19-10.47.13:738][409]LogActor:Warning: TestPickup /Game/FirstPersonCPP/Maps/FirstPersonExampleMap.FirstPersonExampleMap:PersistentLevel.TestPickup_1 has natively added scene component(s), but none of them were set as the actor's RootComponent - picking one arbitrarily
[2017.03.19-10.47.48:151][202]LogSlate: Took 0.016667 seconds to synchronously load lazily loaded font '../../../Engine/Content/Editor/Slate/Fonts/Roboto-Italic.ttf' (157K)
[2017.03.19-10.47.53:169][600]LogSlate: Took 0.000257 seconds to synchronously load lazily loaded font '../../../Engine/Content/Slate/Fonts/Roboto-Light.ttf' (159K)
[2017.03.19-10.51.53:460][423]LogEditor: Attempting to add actor of class 'TestPickup' to level at -240.00,10.00,170.00
[2017.03.19-10.51.53:461][423]LogActor:Warning: TestPickup /Game/FirstPersonCPP/Maps/FirstPersonExampleMap.FirstPersonExampleMap:PersistentLevel.TestPickup_2 has natively added scene component(s), but none of them were set as the actor's RootComponent - picking one arbitrarily
[2017.03.19-10.51.54:427][498]LogEditor: Attempting to add actor of class 'TestPickup' to level at -70.00,-370.00,170.00
[2017.03.19-10.51.54:427][498]LogActor:Warning: TestPickup /Game/FirstPersonCPP/Maps/FirstPersonExampleMap.FirstPersonExampleMap:PersistentLevel.TestPickup_3 has natively added scene component(s), but none of them were set as the actor's RootComponent - picking one arbitrarily
[2017.03.19-10.52.10:593][672]LogEditor: Attempting to add actor of class 'TestPickup' to level at -180.00,30.00,170.00
[2017.03.19-10.52.10:593][672]LogActor:Warning: TestPickup /Game/FirstPersonCPP/Maps/FirstPersonExampleMap.FirstPersonExampleMap:PersistentLevel.TestPickup_4 has natively added scene component(s), but none of them were set as the actor's RootComponent - picking one arbitrarily
[2017.03.19-10.52.11:649][758]LogEditor: Attempting to add actor of class 'TestPickup' to level at 490.00,-480.00,170.00
[2017.03.19-10.52.11:651][758]LogActor:Warning: TestPickup /Game/FirstPersonCPP/Maps/FirstPersonExampleMap.FirstPersonExampleMap:PersistentLevel.TestPickup_5 has natively added scene component(s), but none of them were set as the actor's RootComponent - picking one arbitrarily
[2017.03.19-10.52.25:805][906]LogEditorViewport: Clicking on Actor (LMB): TestPickup (TestPickup3)
[2017.03.19-10.52.34:293][696]LogEditorViewport: Clicking on Actor (LMB): BP_Sky_Sphere_C (SkySphereBlueprint)
[2017.03.19-10.52.41:645][380]LogTemp: Repeting last play command: Selected Viewport
[2017.03.19-10.52.41:677][380]LogBlueprintUserMessages: Early PlayInEditor Detection: Level '/Game/FirstPersonCPP/Maps/FirstPersonExampleMap.FirstPersonExampleMap:PersistentLevel' has LevelScriptBlueprint '/Game/FirstPersonCPP/Maps/FirstPersonExampleMap.FirstPersonExampleMap:PersistentLevel.FirstPersonExampleMap' with GeneratedClass '/Game/FirstPersonCPP/Maps/FirstPersonExampleMap.FirstPersonExampleMap_C' with ClassGeneratedBy '/Game/FirstPersonCPP/Maps/FirstPersonExampleMap.FirstPersonExampleMap:PersistentLevel.FirstPersonExampleMap'
[2017.03.19-10.52.41:685][380]LogPlayLevel: PlayLevel: No blueprints needed recompiling
[2017.03.19-10.52.41:709][380]PIE: New page: PIE session: FirstPersonExampleMap (Mar 18, 2017, 8:52:41 PM)
[2017.03.19-10.52.41:716][380]LogPlayLevel: Creating play world package: /Game/FirstPersonCPP/Maps/UEDPIE_0_FirstPersonExampleMap
[2017.03.19-10.52.41:833][380]LogPlayLevel: PIE: StaticDuplicateObject took: (0.116980s)
[2017.03.19-10.52.41:834][380]LogAIModule: Creating AISystem for world FirstPersonExampleMap
[2017.03.19-10.52.41:835][380]LogPlayLevel: PIE: World Init took: (0.001537s)
[2017.03.19-10.52.41:840][380]LogPlayLevel: PIE: Created PIE world by copying editor world from /Game/FirstPersonCPP/Maps/FirstPersonExampleMap.FirstPersonExampleMap to /Game/FirstPersonCPP/Maps/UEDPIE_0_FirstPersonExampleMap.FirstPersonExampleMap (0.124115s)
[2017.03.19-10.52.41:925][380]LogInit: XAudio2 using 'Headset Earphone (2- Logitech G933 Gaming Headset)' : 2 channels at 44.1 kHz using 16 bits per sample (channel mask 0x3)
[2017.03.19-10.52.41:950][380]LogInit: FAudioDevice initialized.
[2017.03.19-10.52.42:124][380]LogLoad: Game class is 'ClassesTutorialGameMode'
[2017.03.19-10.52.42:232][380]LogWorld: Bringing World /Game/FirstPersonCPP/Maps/UEDPIE_0_FirstPersonExampleMap.FirstPersonExampleMap up for play (max tick rate 0) at 2017.03.19-03.52.42
[2017.03.19-10.52.42:312][380]LogWorld: Bringing up level for play took: 0.082706
[2017.03.19-10.52.42:511][380]LogContentBrowser: Native class hierarchy updated for 'MovieSceneCapture' in 0.0027 seconds. Added 11 classes and 0 folders.
[2017.03.19-10.52.42:577][380]PIE: Info Play in editor start time for /Game/FirstPersonCPP/Maps/UEDPIE_0_FirstPersonExampleMap 1.644
[2017.03.19-10.52.42:578][380]LogBlueprintUserMessages: Late PlayInEditor Detection: Level '/Game/FirstPersonCPP/Maps/FirstPersonExampleMap.FirstPersonExampleMap:PersistentLevel' has LevelScriptBlueprint '/Game/FirstPersonCPP/Maps/FirstPersonExampleMap.FirstPersonExampleMap:PersistentLevel.FirstPersonExampleMap' with GeneratedClass '/Game/FirstPersonCPP/Maps/FirstPersonExampleMap.FirstPersonExampleMap_C' with ClassGeneratedBy '/Game/FirstPersonCPP/Maps/FirstPersonExampleMap.FirstPersonExampleMap:PersistentLevel.FirstPersonExampleMap'
[2017.03.19-10.53.19:457][593]LogSpawn:Warning: SpawnActor failed because of collision at the spawn location [X=-48.016 Y=32.364 Z=155.136] for [FirstPersonProjectile_C]
[2017.03.19-10.53.20:102][669]LogSpawn:Warning: SpawnActor failed because of collision at the spawn location [X=-70.544 Y=33.649 Z=164.766] for [FirstPersonProjectile_C]
[2017.03.19-10.53.37:990][756]LogBlueprintUserMessages: Early EndPlayMap Detection: Level '/Game/FirstPersonCPP/Maps/FirstPersonExampleMap.FirstPersonExampleMap:PersistentLevel' has LevelScriptBlueprint '/Game/FirstPersonCPP/Maps/FirstPersonExampleMap.FirstPersonExampleMap:PersistentLevel.FirstPersonExampleMap' with GeneratedClass '/Game/FirstPersonCPP/Maps/FirstPersonExampleMap.FirstPersonExampleMap_C' with ClassGeneratedBy '/Game/FirstPersonCPP/Maps/FirstPersonExampleMap.FirstPersonExampleMap:PersistentLevel.FirstPersonExampleMap'
[2017.03.19-10.53.38:146][756]LogBlueprintUserMessages: Late EndPlayMap Detection: Level '/Game/FirstPersonCPP/Maps/FirstPersonExampleMap.FirstPersonExampleMap:PersistentLevel' has LevelScriptBlueprint '/Game/FirstPersonCPP/Maps/FirstPersonExampleMap.FirstPersonExampleMap:PersistentLevel.FirstPersonExampleMap' with GeneratedClass '/Game/FirstPersonCPP/Maps/FirstPersonExampleMap.FirstPersonExampleMap_C' with ClassGeneratedBy '/Game/FirstPersonCPP/Maps/FirstPersonExampleMap.FirstPersonExampleMap:PersistentLevel.FirstPersonExampleMap'
[2017.03.19-10.53.40:808][970]LogSavePackage: Save=153.46ms
[2017.03.19-10.53.40:808][970]LogSavePackage: Moving '../../../../../../Users/Liam/Documents/Unreal Projects/ClassesTutorial/Saved/FirstPersonExampleMapAF3C261E4D7AF5C2FB00D9B68E3C23CB.tmp' to '../../../../../../Users/Liam/Documents/Unreal Projects/ClassesTutorial/Content/FirstPersonCPP/Maps/FirstPersonExampleMap.umap'
[2017.03.19-10.53.40:826][970]LogSavePackage:Display: Finished SavePackage ../../../../../../Users/Liam/Documents/Unreal Projects/ClassesTutorial/Content/FirstPersonCPP/Maps/FirstPersonExampleMap.umap
[2017.03.19-10.53.41:919][970]LogSavePackage: Save=1040.82ms
[2017.03.19-10.53.41:919][970]LogSavePackage: Moving '../../../../../../Users/Liam/Documents/Unreal Projects/ClassesTutorial/Saved/FirstPersonExampleMap_BuiltDataFAA494A7469CC5E103F901944688D685.tmp' to '../../../../../../Users/Liam/Documents/Unreal Projects/ClassesTutorial/Content/FirstPersonCPP/Maps/FirstPersonExampleMap_BuiltData.uasset'
[2017.03.19-10.53.41:923][970]LogSavePackage:Display: Finished SavePackage ../../../../../../Users/Liam/Documents/Unreal Projects/ClassesTutorial/Content/FirstPersonCPP/Maps/FirstPersonExampleMap_BuiltData.uasset
[2017.03.19-10.53.57:500][297]Cmd: QUIT_EDITOR
[2017.03.19-10.53.57:715][297]LogWindowsTextInputMethodSystem:Display: IME system now deactivated.
[2017.03.19-10.53.57:751][297]LogExit: Preparing to exit.
[2017.03.19-10.53.59:020][297]LogDirectoryWatcher: A directory notification for 'C:/Users/Liam/Documents/Unreal Projects/ClassesTutorial/Content/' was aborted.
[2017.03.19-10.53.59:123][297]LogExit: Editor shut down
[2017.03.19-10.53.59:125][297]LogExit: Transaction tracking system shut down
[2017.03.19-10.53.59:390][297]LogObj: Freed 0b from 0 cluster array pools.
[2017.03.19-10.53.59:390][297]LogExit: Object subsystem successfully closed.
[2017.03.19-10.53.59:447][297]LogD3D11RHI: Shutdown
[2017.03.19-10.53.59:447][297]LogD3D11RHI: CleanupD3DDevice
[2017.03.19-10.53.59:572][297]LogD3D11RHI: ~FD3D11DynamicRHI
[2017.03.19-10.53.59:599][297]LogModuleManager: Shutting down and abandoning module MovieSceneCapture (505)
[2017.03.19-10.53.59:599][297]LogModuleManager: Shutting down and abandoning module HierarchicalLODUtilities (503)
[2017.03.19-10.53.59:599][297]LogModuleManager: Shutting down and abandoning module ClassesTutorial (501)
[2017.03.19-10.53.59:599][297]LogModuleManager: Shutting down and abandoning module HierarchicalLODOutliner (498)
[2017.03.19-10.53.59:599][297]LogModuleManager: Shutting down and abandoning module CrashTracker (496)
[2017.03.19-10.53.59:599][297]LogModuleManager: Shutting down and abandoning module SceneOutliner (494)
[2017.03.19-10.53.59:599][297]LogModuleManager: Shutting down and abandoning module AddContentDialog (492)
[2017.03.19-10.53.59:607][297]LogDirectoryWatcher: A directory notification for 'C:/Program Files/Epic Games/UE_4.15/FeaturePacks/' was aborted.
[2017.03.19-10.53.59:618][297]LogModuleManager: Shutting down and abandoning module WidgetCarousel (491)
[2017.03.19-10.53.59:618][297]LogModuleManager: Shutting down and abandoning module EditorWidgets (488)
[2017.03.19-10.53.59:618][297]LogModuleManager: Shutting down and abandoning module CollectionManager (486)
[2017.03.19-10.53.59:618][297]LogDirectoryWatcher: A directory notification for 'C:/Users/Liam/Documents/Unreal Projects/ClassesTutorial/Content/Collections/' was aborted.
[2017.03.19-10.53.59:618][297]LogDirectoryWatcher: A directory notification for 'C:/Users/Liam/Documents/Unreal Projects/ClassesTutorial/Content/Developers/Liam/Collections/' was aborted.
[2017.03.19-10.53.59:618][297]LogDirectoryWatcher: A directory notification for 'C:/Users/Liam/Documents/Unreal Projects/ClassesTutorial/Saved/Collections/' was aborted.
[2017.03.19-10.53.59:618][297]LogModuleManager: Shutting down and abandoning module StatsViewer (484)
[2017.03.19-10.53.59:618][297]LogModuleManager: Shutting down and abandoning module FoliageEdit (482)
[2017.03.19-10.53.59:618][297]LogModuleManager: Shutting down and abandoning module LandscapeEditor (480)
[2017.03.19-10.53.59:618][297]LogModuleManager: Shutting down and abandoning module SceneDepthPickerMode (478)
[2017.03.19-10.53.59:618][297]LogModuleManager: Shutting down and abandoning module ActorPickerMode (476)
[2017.03.19-10.53.59:618][297]LogModuleManager: Shutting down and abandoning module GeometryMode (474)
[2017.03.19-10.53.59:618][297]LogModuleManager: Shutting down and abandoning module TextureAlignMode (472)
[2017.03.19-10.53.59:618][297]LogModuleManager: Shutting down and abandoning module BspMode (470)
[2017.03.19-10.53.59:619][297]LogModuleManager: Shutting down and abandoning module HardwareSurvey (468)
[2017.03.19-10.53.59:619][297]LogModuleManager: Shutting down and abandoning module SequenceRecorderSections (466)
[2017.03.19-10.53.59:619][297]LogModuleManager: Shutting down and abandoning module AutomationWorker (464)
[2017.03.19-10.53.59:619][297]LogModuleManager: Shutting down and abandoning module MatineeToLevelSequence (462)
[2017.03.19-10.53.59:619][297]LogModuleManager: Shutting down and abandoning module LevelSequenceEditor (460)
[2017.03.19-10.53.59:619][297]LogModuleManager: Shutting down and abandoning module PlacementMode (459)
[2017.03.19-10.53.59:619][297]LogModuleManager: Shutting down and abandoning module WmfMediaFactory (456)
[2017.03.19-10.53.59:619][297]LogModuleManager: Shutting down and abandoning module WmfMediaEditor (454)
[2017.03.19-10.53.59:619][297]LogModuleManager: Shutting down and abandoning module MfMediaFactory (452)
[2017.03.19-10.53.59:619][297]LogModuleManager: Shutting down and abandoning module MfMediaEditor (450)
[2017.03.19-10.53.59:619][297]LogModuleManager: Shutting down and abandoning module AvfMediaFactory (448)
[2017.03.19-10.53.59:619][297]LogModuleManager: Shutting down and abandoning module AvfMediaEditor (446)
[2017.03.19-10.53.59:619][297]LogModuleManager: Shutting down and abandoning module AndroidMediaFactory (444)
[2017.03.19-10.53.59:619][297]LogModuleManager: Shutting down and abandoning module Media (443)
[2017.03.19-10.53.59:619][297]LogModuleManager: Shutting down and abandoning module AndroidMediaEditor (440)
[2017.03.19-10.53.59:619][297]LogModuleManager: Shutting down and abandoning module CharacterAI (438)
[2017.03.19-10.53.59:619][297]LogModuleManager: Shutting down and abandoning module AudioCapture (436)
[2017.03.19-10.53.59:619][297]LogModuleManager: Shutting down and abandoning module SequenceRecorder (435)
[2017.03.19-10.53.59:619][297]LogModuleManager: Shutting down and abandoning module SmartSnapping (432)
[2017.03.19-10.53.59:619][297]LogModuleManager: Shutting down and abandoning module SessionServices (430)
[2017.03.19-10.53.59:619][297]LogModuleManager: Shutting down and abandoning module ViewportSnapping (428)
[2017.03.19-10.53.59:619][297]LogModuleManager: Shutting down and abandoning module ViewportInteraction (426)
[2017.03.19-10.53.59:619][297]LogModuleManager: Shutting down and abandoning module LogVisualizer (424)
[2017.03.19-10.53.59:619][297]LogModuleManager: Shutting down and abandoning module IntroTutorials (422)
[2017.03.19-10.53.59:620][297]LogModuleManager: Shutting down and abandoning module GameProjectGeneration (421)
[2017.03.19-10.53.59:620][297]LogModuleManager: Shutting down and abandoning module EditorLiveStreaming (418)
[2017.03.19-10.53.59:620][297]LogModuleManager: Shutting down and abandoning module IOSPlatformEditor (416)
[2017.03.19-10.53.59:620][297]LogModuleManager: Shutting down and abandoning module HTML5PlatformEditor (414)
[2017.03.19-10.53.59:620][297]LogModuleManager: Shutting down and abandoning module AndroidPlatformEditor (412)
[2017.03.19-10.53.59:620][297]LogModuleManager: Shutting down and abandoning module AndroidDeviceDetection (411)
[2017.03.19-10.54.00:545][297]LogModuleManager: Shutting down and abandoning module IOSRuntimeSettings (408)
[2017.03.19-10.54.00:545][297]LogModuleManager: Shutting down and abandoning module AndroidRuntimeSettings (406)
[2017.03.19-10.54.00:545][297]LogModuleManager: Shutting down and abandoning module InputBindingEditor (404)
[2017.03.19-10.54.00:545][297]LogModuleManager: Shutting down and abandoning module NiagaraEditor (402)
[2017.03.19-10.54.00:545][297]LogModuleManager: Shutting down and abandoning module MergeActors (400)
[2017.03.19-10.54.00:545][297]LogModuleManager: Shutting down and abandoning module SizeMap (398)
[2017.03.19-10.54.00:545][297]LogModuleManager: Shutting down and abandoning module TreeMap (396)
[2017.03.19-10.54.00:545][297]LogModuleManager: Shutting down and abandoning module ReferenceViewer (394)
[2017.03.19-10.54.00:545][297]LogModuleManager: Shutting down and abandoning module LocalizationDashboard (392)
[2017.03.19-10.54.00:545][297]LogModuleManager: Shutting down and abandoning module LocalizationService (391)
[2017.03.19-10.54.00:545][297]LogModuleManager: Shutting down and abandoning module HardwareTargeting (388)
[2017.03.19-10.54.00:545][297]LogModuleManager: Shutting down and abandoning module DeviceProfileEditor (386)
[2017.03.19-10.54.00:545][297]LogModuleManager: Shutting down and abandoning module UndoHistory (384)
[2017.03.19-10.54.00:545][297]LogModuleManager: Shutting down and abandoning module UserFeedback (382)
[2017.03.19-10.54.00:545][297]LogModuleManager: Shutting down and abandoning module XmlParser (380)
[2017.03.19-10.54.00:545][297]LogModuleManager: Shutting down and abandoning module Blutility (378)
[2017.03.19-10.54.00:545][297]LogModuleManager: Shutting down and abandoning module ProjectSettingsViewer (376)
[2017.03.19-10.54.00:545][297]LogModuleManager: Shutting down and abandoning module ProjectTargetPlatformEditor (375)
[2017.03.19-10.54.00:546][297]LogModuleManager: Shutting down and abandoning module EditorSettingsViewer (372)
[2017.03.19-10.54.00:546][297]LogModuleManager: Shutting down and abandoning module SettingsEditor (370)
[2017.03.19-10.54.00:546][297]LogModuleManager: Shutting down and abandoning module ProjectLauncher (368)
[2017.03.19-10.54.00:546][297]LogModuleManager: Shutting down and abandoning module SessionFrontend (366)
[2017.03.19-10.54.00:546][297]LogModuleManager: Shutting down and abandoning module ProfilerClient (364)
[2017.03.19-10.54.00:546][297]LogModuleManager: Shutting down and abandoning module DeviceManager (362)
[2017.03.19-10.54.00:546][297]LogModuleManager: Shutting down and abandoning module TargetDeviceServices (361)
[2017.03.19-10.54.00:589][297]LogModuleManager: Shutting down and abandoning module AutomationController (358)
[2017.03.19-10.54.00:589][297]LogModuleManager: Shutting down and abandoning module AutomationWindow (356)
[2017.03.19-10.54.00:589][297]LogModuleManager: Shutting down and abandoning module Layers (354)
[2017.03.19-10.54.00:589][297]LogModuleManager: Shutting down and abandoning module ComponentVisualizers (352)
[2017.03.19-10.54.00:589][297]LogModuleManager: Shutting down and abandoning module DetailCustomizations (350)
[2017.03.19-10.54.00:589][297]LogModuleManager: Shutting down and abandoning module PackagesDialog (348)
[2017.03.19-10.54.00:589][297]LogModuleManager: Shutting down and abandoning module Persona (346)
[2017.03.19-10.54.00:589][297]LogModuleManager: Shutting down and abandoning module AnimGraph (345)
[2017.03.19-10.54.00:589][297]LogModuleManager: Shutting down and abandoning module Kismet (342)
[2017.03.19-10.54.00:590][297]LogModuleManager: Shutting down and abandoning module GraphEditor (340)
[2017.03.19-10.54.00:590][297]LogModuleManager: Shutting down and abandoning module ClassViewer (338)
[2017.03.19-10.54.00:594][297]LogModuleManager: Shutting down and abandoning module Toolbox (336)
[2017.03.19-10.54.00:594][297]LogModuleManager: Shutting down and abandoning module ModuleUI (334)
[2017.03.19-10.54.00:594][297]LogModuleManager: Shutting down and abandoning module MovieSceneTools (332)
[2017.03.19-10.54.00:594][297]LogModuleManager: Shutting down and abandoning module OutputLog (330)
[2017.03.19-10.54.00:594][297]LogModuleManager: Shutting down and abandoning module GammaUI (328)
[2017.03.19-10.54.00:594][297]LogModuleManager: Shutting down and abandoning module Documentation (326)
[2017.03.19-10.54.00:594][297]LogModuleManager: Shutting down and abandoning module Niagara (324)
[2017.03.19-10.54.00:594][297]LogModuleManager: Shutting down and abandoning module StreamingPauseRendering (322)
[2017.03.19-10.54.00:594][297]LogModuleManager: Shutting down and abandoning module AnalyticsET (320)
[2017.03.19-10.54.00:594][297]LogModuleManager: Shutting down and abandoning module PortalServices (318)
[2017.03.19-10.54.00:594][297]LogModuleManager: Shutting down and abandoning module PortalRpc (316)
[2017.03.19-10.54.00:595][297]LogModuleManager: Shutting down and abandoning module MessagingRpc (314)
[2017.03.19-10.54.00:595][297]LogModuleManager: Shutting down and abandoning module AIModule (312)
[2017.03.19-10.54.00:595][297]LogModuleManager: Shutting down and abandoning module GameplayDebugger (311)
[2017.03.19-10.54.00:595][297]LogModuleManager: Shutting down and abandoning module AITestSuite (309)
[2017.03.19-10.54.00:595][297]LogModuleManager: Shutting down and abandoning module ProfilerService (306)
[2017.03.19-10.54.00:734][297]LogModuleManager: Shutting down and abandoning module TaskGraph (304)
[2017.03.19-10.54.00:734][297]LogModuleManager: Shutting down and abandoning module SteamVRController (302)
[2017.03.19-10.54.00:734][297]LogModuleManager: Shutting down and abandoning module SteamVR (300)
[2017.03.19-10.54.00:734][297]LogModuleManager: Shutting down and abandoning module ProceduralMeshComponentEditor (298)
[2017.03.19-10.54.00:735][297]LogModuleManager: Shutting down and abandoning module ProceduralMeshComponent (296)
[2017.03.19-10.54.00:735][297]LogModuleManager: Shutting down and abandoning module OculusLibrary (294)
[2017.03.19-10.54.00:735][297]LogModuleManager: Shutting down and abandoning module OculusInput (292)
[2017.03.19-10.54.00:735][297]LogModuleManager: Shutting down and abandoning module MobilePatchingUtils (290)
[2017.03.19-10.54.00:735][297]LogModuleManager: Shutting down and abandoning module CustomMeshComponent (288)
[2017.03.19-10.54.00:735][297]LogModuleManager: Shutting down and abandoning module CableComponent (286)
[2017.03.19-10.54.00:735][297]LogModuleManager: Shutting down and abandoning module ArchVisCharacter (284)
[2017.03.19-10.54.00:735][297]LogModuleManager: Shutting down and abandoning module MediaPlayerEditor (280)
[2017.03.19-10.54.00:735][297]LogModuleManager: Shutting down and abandoning module HTML5Networking (278)
[2017.03.19-10.54.00:735][297]LogModuleManager: Shutting down and abandoning module AlembicImporter (276)
[2017.03.19-10.54.00:735][297]LogModuleManager: Shutting down and abandoning module AlembicLibrary (275)
[2017.03.19-10.54.00:735][297]LogModuleManager: Shutting down and abandoning module GeometryCache (274)
[2017.03.19-10.54.00:735][297]LogModuleManager: Shutting down and abandoning module GeometryCacheEd (273)
[2017.03.19-10.54.00:735][297]LogModuleManager: Shutting down and abandoning module SuperSearchEditor (268)
[2017.03.19-10.54.00:735][297]LogModuleManager: Shutting down and abandoning module SuperSearch (267)
[2017.03.19-10.54.00:735][297]LogModuleManager: Shutting down and abandoning module SpeedTreeImporter (264)
[2017.03.19-10.54.00:735][297]LogModuleManager: Shutting down and abandoning module PluginBrowser (262)
[2017.03.19-10.54.00:735][297]LogModuleManager: Shutting down and abandoning module MobileLauncherProfileWizard (260)
[2017.03.19-10.54.00:735][297]LogModuleManager: Shutting down and abandoning module EpicSurvey (258)
[2017.03.19-10.54.00:735][297]LogModuleManager: Shutting down and abandoning module VisualStudioSourceCodeAccess (256)
[2017.03.19-10.54.00:735][297]LogModuleManager: Shutting down and abandoning module DesktopPlatform (255)
[2017.03.19-10.54.00:735][297]LogModuleManager: Shutting down and abandoning module UObjectPlugin (252)
[2017.03.19-10.54.00:735][297]LogModuleManager: Shutting down and abandoning module SubversionSourceControl (250)
[2017.03.19-10.54.00:735][297]LogModuleManager: Shutting down and abandoning module PerforceSourceControl (248)
[2017.03.19-10.54.00:735][297]LogModuleManager: Shutting down and abandoning module GitSourceControl (246)
[2017.03.19-10.54.00:735][297]LogModuleManager: Shutting down and abandoning module SourceControl (245)
[2017.03.19-10.54.00:735][297]LogModuleManager: Shutting down and abandoning module LightPropagationVolumeEditor (242)
[2017.03.19-10.54.00:735][297]LogModuleManager: Shutting down and abandoning module PaperTiledImporter (240)
[2017.03.19-10.54.00:735][297]LogModuleManager: Shutting down and abandoning module PaperSpriteSheetImporter (238)
[2017.03.19-10.54.00:735][297]LogModuleManager: Shutting down and abandoning module Paper2DEditor (236)
[2017.03.19-10.54.00:735][297]LogModuleManager: Shutting down and abandoning module MeshPaint (235)
[2017.03.19-10.54.00:735][297]LogModuleManager: Shutting down and abandoning module LevelEditor (233)
[2017.03.19-10.54.00:737][297]LogModuleManager: Shutting down and abandoning module PixelInspectorModule (232)
[2017.03.19-10.54.00:737][297]LogModuleManager: Shutting down and abandoning module MainFrame (230)
[2017.03.19-10.54.00:737][297]LogModuleManager: Shutting down and abandoning module HotReload (229)
[2017.03.19-10.54.00:737][297]LogDirectoryWatcher: A directory notification for 'C:/Users/Liam/Documents/Unreal Projects/ClassesTutorial/Binaries/Win64' was aborted.
[2017.03.19-10.54.00:737][297]LogModuleManager: Shutting down and abandoning module ContentBrowser (225)
[2017.03.19-10.54.00:738][297]LogModuleManager: Shutting down and abandoning module PhysXVehiclesEditor (220)
[2017.03.19-10.54.00:738][297]LogModuleManager: Shutting down and abandoning module PhysXVehicles (218)
[2017.03.19-10.54.00:738][297]LogModuleManager: Shutting down and abandoning module LocationServicesBPLibrary (216)
[2017.03.19-10.54.00:738][297]LogModuleManager: Shutting down and abandoning module UdpMessaging (214)
[2017.03.19-10.54.00:839][297]LogModuleManager: Shutting down and abandoning module TcpMessaging (212)
[2017.03.19-10.54.00:940][297]LogModuleManager: Shutting down and abandoning module GameplayTagsEditor (210)
[2017.03.19-10.54.00:940][297]LogModuleManager: Shutting down and abandoning module FacialAnimationEditor (208)
[2017.03.19-10.54.00:940][297]LogModuleManager: Shutting down and abandoning module FacialAnimation (206)
[2017.03.19-10.54.00:940][297]LogModuleManager: Shutting down and abandoning module LightPropagationVolumeRuntime (204)
[2017.03.19-10.54.00:940][297]LogModuleManager: Shutting down and abandoning module Paper2D (202)
[2017.03.19-10.54.00:940][297]LogModuleManager: Shutting down and abandoning module WindowsMoviePlayer (200)
[2017.03.19-10.54.00:940][297]LogModuleManager: Shutting down and abandoning module WmfMedia (198)
[2017.03.19-10.54.00:940][297]LogModuleManager: Shutting down and abandoning module MfMedia (196)
[2017.03.19-10.54.00:940][297]LogModuleManager: Shutting down and abandoning module MediaAssets (194)
[2017.03.19-10.54.00:940][297]LogModuleManager: Shutting down and abandoning module GameLiveStreaming (192)
[2017.03.19-10.54.00:940][297]LogModuleManager: Shutting down and abandoning module VREditor (190)
[2017.03.19-10.54.00:940][297]LogModuleManager: Shutting down and abandoning module GameplayTasksEditor (188)
[2017.03.19-10.54.00:940][297]LogModuleManager: Shutting down and abandoning module BehaviorTreeEditor (186)
[2017.03.19-10.54.00:940][297]LogModuleManager: Shutting down and abandoning module FunctionalTesting (184)
[2017.03.19-10.54.00:940][297]LogModuleManager: Shutting down and abandoning module CollisionAnalyzer (182)
[2017.03.19-10.54.00:940][297]LogModuleManager: Shutting down and abandoning module UMG (180)
[2017.03.19-10.54.00:940][297]LogModuleManager: Shutting down and abandoning module UMGEditor (179)
[2017.03.19-10.54.00:940][297]LogModuleManager: Shutting down and abandoning module Sequencer (178)
[2017.03.19-10.54.00:940][297]LogModuleManager: Shutting down and abandoning module AssetTools (176)
[2017.03.19-10.54.00:941][297]LogModuleManager: Shutting down and abandoning module MessageLog (175)
[2017.03.19-10.54.00:941][297]LogModuleManager: Shutting down and abandoning module WorkspaceMenuStructure (174)
[2017.03.19-10.54.00:941][297]LogModuleManager: Shutting down and abandoning module SlateReflector (168)
[2017.03.19-10.54.00:941][297]LogModuleManager: Shutting down and abandoning module Slate (166)
[2017.03.19-10.54.00:941][297]LogModuleManager: Shutting down and abandoning module EditorStyle (164)
[2017.03.19-10.54.00:944][297]LogModuleManager: Shutting down and abandoning module SourceCodeAccess (162)
[2017.03.19-10.54.00:944][297]LogModuleManager: Shutting down and abandoning module HeadMountedDisplay (160)
[2017.03.19-10.54.00:944][297]LogModuleManager: Shutting down and abandoning module XAudio2 (158)
[2017.03.19-10.54.00:944][297]LogModuleManager: Shutting down and abandoning module Networking (156)
[2017.03.19-10.54.00:944][297]LogModuleManager: Shutting down and abandoning module Core (152)
[2017.03.19-10.54.00:945][297]LogModuleManager: Shutting down and abandoning module AssetRegistry (150)
[2017.03.19-10.54.01:179][297]LogDirectoryWatcher: A directory notification for '../../../Engine/Content/' was aborted.
[2017.03.19-10.54.01:179][297]LogDirectoryWatcher: A directory notification for '../../../../../../Users/Liam/Documents/Unreal Projects/ClassesTutorial/Content/' was aborted.
[2017.03.19-10.54.01:179][297]LogDirectoryWatcher: A directory notification for '../../../Engine/Plugins/2D/Paper2D/Content/' was aborted.
[2017.03.19-10.54.01:179][297]LogModuleManager: Shutting down and abandoning module DirectoryWatcher (149)
[2017.03.19-10.54.01:186][297]LogModuleManager: Shutting down and abandoning module KismetCompiler (146)
[2017.03.19-10.54.01:186][297]LogModuleManager: Shutting down and abandoning module PhysXFormats (144)
[2017.03.19-10.54.01:186][297]LogModuleManager: Shutting down and abandoning module MeshUtilities (142)
[2017.03.19-10.54.01:186][297]LogModuleManager: Shutting down and abandoning module SimplygonSwarm (141)
[2017.03.19-10.54.01:187][297]LogModuleManager: Shutting down and abandoning module SimplygonMeshReduction (139)
[2017.03.19-10.54.01:187][297]LogModuleManager: Shutting down and abandoning module QuadricMeshReduction (137)
[2017.03.19-10.54.01:187][297]LogModuleManager: Shutting down and abandoning module PropertyEditor (135)
[2017.03.19-10.54.01:187][297]LogModuleManager: Shutting down and abandoning module DerivedDataCache (132)
[2017.03.19-10.54.01:199][297]LogDerivedDataCache: Shutdown
[2017.03.19-10.54.01:199][297]LogModuleManager: Shutting down and abandoning module TargetPlatform (130)
[2017.03.19-10.54.01:199][297]LogModuleManager: Shutting down and abandoning module VulkanShaderFormat (129)
[2017.03.19-10.54.01:199][297]LogModuleManager: Shutting down and abandoning module ShaderFormatOpenGL (127)
[2017.03.19-10.54.01:199][297]LogModuleManager: Shutting down and abandoning module ShaderFormatD3D (125)
[2017.03.19-10.54.01:199][297]LogModuleManager: Shutting down and abandoning module MetalShaderFormat (123)
[2017.03.19-10.54.01:199][297]LogModuleManager: Shutting down and abandoning module TextureFormatUncompressed (121)
[2017.03.19-10.54.01:199][297]LogModuleManager: Shutting down and abandoning module TextureFormatPVR (119)
[2017.03.19-10.54.01:199][297]LogModuleManager: Shutting down and abandoning module TextureFormatDXT (117)
[2017.03.19-10.54.01:199][297]LogModuleManager: Shutting down and abandoning module TextureFormatIntelISPCTexComp (115)
[2017.03.19-10.54.01:200][297]LogModuleManager: Shutting down and abandoning module TextureFormatASTC (113)
[2017.03.19-10.54.01:200][297]LogModuleManager: Shutting down and abandoning module ImageWrapper (112)
[2017.03.19-10.54.01:200][297]LogModuleManager: Shutting down and abandoning module TextureFormatAndroid (109)
[2017.03.19-10.54.01:200][297]LogModuleManager: Shutting down and abandoning module AudioFormatOpus (107)
[2017.03.19-10.54.01:200][297]LogModuleManager: Shutting down and abandoning module AudioFormatOgg (105)
[2017.03.19-10.54.01:200][297]LogModuleManager: Shutting down and abandoning module AudioFormatADPCM (103)
[2017.03.19-10.54.01:200][297]LogModuleManager: Shutting down and abandoning module LinuxTargetPlatform (101)
[2017.03.19-10.54.01:200][297]LogModuleManager: Shutting down and abandoning module LinuxServerTargetPlatform (99)
[2017.03.19-10.54.01:200][297]LogModuleManager: Shutting down and abandoning module LinuxNoEditorTargetPlatform (97)
[2017.03.19-10.54.01:200][297]LogModuleManager: Shutting down and abandoning module LinuxClientTargetPlatform (95)
[2017.03.19-10.54.01:200][297]LogModuleManager: Shutting down and abandoning module TVOSTargetPlatform (93)
[2017.03.19-10.54.01:200][297]LogModuleManager: Shutting down and abandoning module Messaging (91)
[2017.03.19-10.54.01:200][297]LogModuleManager: Shutting down and abandoning module IOSTargetPlatform (89)
[2017.03.19-10.54.01:200][297]LogModuleManager: Shutting down and abandoning module HTML5TargetPlatform (87)
[2017.03.19-10.54.01:200][297]LogModuleManager: Shutting down and abandoning module Android_PVRTCTargetPlatform (85)
[2017.03.19-10.54.01:200][297]LogModuleManager: Shutting down and abandoning module Android_MultiTargetPlatform (83)
[2017.03.19-10.54.01:201][297]LogModuleManager: Shutting down and abandoning module Android_ETC2TargetPlatform (81)
[2017.03.19-10.54.01:201][297]LogModuleManager: Shutting down and abandoning module Android_ETC1TargetPlatform (79)
[2017.03.19-10.54.01:201][297]LogModuleManager: Shutting down and abandoning module Android_DXTTargetPlatform (77)
[2017.03.19-10.54.01:201][297]LogModuleManager: Shutting down and abandoning module Android_ATCTargetPlatform (75)
[2017.03.19-10.54.01:201][297]LogModuleManager: Shutting down and abandoning module Android_ASTCTargetPlatform (73)
[2017.03.19-10.54.01:201][297]LogModuleManager: Shutting down and abandoning module AndroidTargetPlatform (71)
[2017.03.19-10.54.01:201][297]LogModuleManager: Shutting down and abandoning module WindowsTargetPlatform (69)
[2017.03.19-10.54.01:201][297]LogModuleManager: Shutting down and abandoning module WindowsServerTargetPlatform (67)
[2017.03.19-10.54.01:201][297]LogModuleManager: Shutting down and abandoning module WindowsNoEditorTargetPlatform (65)
[2017.03.19-10.54.01:201][297]LogModuleManager: Shutting down and abandoning module WindowsClientTargetPlatform (63)
[2017.03.19-10.54.01:201][297]LogModuleManager: Shutting down and abandoning module MacTargetPlatform (61)
[2017.03.19-10.54.01:201][297]LogModuleManager: Shutting down and abandoning module MacServerTargetPlatform (59)
[2017.03.19-10.54.01:201][297]LogModuleManager: Shutting down and abandoning module MacNoEditorTargetPlatform (57)
[2017.03.19-10.54.01:201][297]LogModuleManager: Shutting down and abandoning module MacClientTargetPlatform (55)
[2017.03.19-10.54.01:201][297]LogModuleManager: Shutting down and abandoning module AllDesktopTargetPlatform (53)
[2017.03.19-10.54.01:201][297]LogModuleManager: Shutting down and abandoning module InputCore (50)
[2017.03.19-10.54.01:201][297]LogModuleManager: Shutting down and abandoning module Settings (48)
[2017.03.19-10.54.01:201][297]LogModuleManager: Shutting down and abandoning module OculusRift (46)
[2017.03.19-10.54.01:201][297]LogModuleManager: Shutting down and abandoning module ExampleDeviceProfileSelector (44)
[2017.03.19-10.54.01:201][297]LogModuleManager: Shutting down and abandoning module OnlineBlueprintSupport (42)
[2017.03.19-10.54.01:201][297]LogModuleManager: Shutting down and abandoning module OnlineSubsystem (38)
[2017.03.19-10.54.01:201][297]LogOnline:Display: Unloading online subsystem: NULL
[2017.03.19-10.54.01:201][297]LogModuleManager: Shutting down and abandoning module XMPP (37)
[2017.03.19-10.54.01:201][297]LogModuleManager: Shutting down and abandoning module HTTP (35)
[2017.03.19-10.54.01:201][297]LogHttp:Display: Http module shutting down, but needs to wait on 1 outstanding Http requests:
[2017.03.19-10.54.01:201][297]LogHttp:Display: 	verb=[POST] url=[https://datarouter.ol.epicgames.com/datarouter/api/v1/public/data?SessionID=%7B1D846657-42AE-9227-BB03-87BB7B7A22CE%7D&AppID=UEEditor.Rocket.Release&AppVersion=4.15.0-3299760%2B%2B%2BUE4%2BRelease-4.15&UserID=3c53aeb14f8381cf589af9a05a045162%7C191bcd9e71e141a7a207a951597e632a%7C6892023d-28ec-4f87-8958-26e7706dbce6&AppEnvironment=datacollector-binary&UploadType=eteventstream] status=Processing
[2017.03.19-10.54.01:206][297]LogModuleManager: Shutting down and abandoning module SSL (34)
[2017.03.19-10.54.01:208][297]LogModuleManager: Shutting down and abandoning module AudioEditor (30)
[2017.03.19-10.54.01:208][297]LogModuleManager: Shutting down and abandoning module TextureCompressor (28)
[2017.03.19-10.54.01:208][297]LogModuleManager: Shutting down and abandoning module ShaderCore (26)
[2017.03.19-10.54.01:208][297]LogModuleManager: Shutting down and abandoning module Landscape (24)
[2017.03.19-10.54.01:208][297]LogModuleManager: Shutting down and abandoning module SlateRHIRenderer (22)
[2017.03.19-10.54.01:215][297]LogModuleManager: Shutting down and abandoning module OpenGLDrv (20)
[2017.03.19-10.54.01:215][297]LogModuleManager: Shutting down and abandoning module D3D11RHI (18)
[2017.03.19-10.54.01:215][297]LogModuleManager: Shutting down and abandoning module AnimGraphRuntime (16)
[2017.03.19-10.54.01:215][297]LogModuleManager: Shutting down and abandoning module Renderer (14)
[2017.03.19-10.54.01:215][297]LogModuleManager: Shutting down and abandoning module Engine (12)
[2017.03.19-10.54.01:215][297]LogModuleManager: Shutting down and abandoning module CoreUObject (10)
[2017.03.19-10.54.01:215][297]LogModuleManager: Shutting down and abandoning module NetworkFile (8)
[2017.03.19-10.54.01:215][297]LogModuleManager: Shutting down and abandoning module StreamingFile (6)
[2017.03.19-10.54.01:216][297]LogModuleManager: Shutting down and abandoning module SandboxFile (4)
[2017.03.19-10.54.01:216][297]LogModuleManager: Shutting down and abandoning module PakFile (2)
[2017.03.19-10.54.01:218][297]LogExit: Exiting.
[2017.03.19-10.54.01:239][297]Log file closed, 03/19/17 03:54:01
